<?xml version="1.0" encoding="utf-8"?>
<TestRun id="7fb516c2-921b-479d-8667-4c709bdae501" name="Alex@DESKTOP-C25I8C5 2026-06-18 13:57:45" runUser="DESKTOP-C25I8C5\Alex" xmlns="http://microsoft.com/schemas/VisualStudio/TeamTest/2010">
  <Times creation="2026-06-18T13:57:45.0591678+03:00" queuing="2026-06-18T13:57:45.0591679+03:00" start="2026-06-18T13:57:44.6565907+03:00" finish="2026-06-18T13:57:46.2911003+03:00" />
  <TestSettings name="default" id="e45c0304-3112-4b02-977b-08508965ae2a">
    <Deployment runDeploymentRoot="Alex_DESKTOP-C25I8C5_2026-06-18_13_57_45" />
  </TestSettings>
  <Results>
    <UnitTestResult executionId="8f533bfe-0068-4f0e-9dfd-ed81377b9dd0" testId="5bbe9975-84a8-c465-bd30-62fc0c256c9d" testName="TuneMaster.Tests.Services.CalculatorUnitTests.Gearing_ElectricDrag_1Gear" computerName="DESKTOP-C25I8C5" duration="00:00:00.0001243" startTime="2026-06-18T13:57:45.0649383+03:00" endTime="2026-06-18T13:57:45.0649383+03:00" testType="13cdc9d9-ddb5-4fa4-a97d-d965ccfc6d4b" outcome="Passed" testListId="8c84fa94-04c1-424b-9868-57a2d4851a1d" relativeResultsDirectory="8f533bfe-0068-4f0e-9dfd-ed81377b9dd0" />
    <UnitTestResult executionId="7ff9719c-d12f-4bbe-b5d5-1d04e92ce3b5" testId="cd06ae2d-d6bd-7f27-b179-eadb9e50e983" testName="TuneMaster.Tests.Services.CalculatorUnitTests.LaunchControl_TwinTurboAntiLag_HigherThanNatural" computerName="DESKTOP-C25I8C5" duration="00:00:00.0001535" startTime="2026-06-18T13:57:45.0733625+03:00" endTime="2026-06-18T13:57:45.0733625+03:00" testType="13cdc9d9-ddb5-4fa4-a97d-d965ccfc6d4b" outcome="Passed" testListId="8c84fa94-04c1-424b-9868-57a2d4851a1d" relativeResultsDirectory="7ff9719c-d12f-4bbe-b5d5-1d04e92ce3b5" />
    <UnitTestResult executionId="68401064-c8ef-4a46-8ff3-b0eddc20ba45" testId="4ae1c331-2b37-3672-935f-5618963133fe" testName="TuneMaster.Tests.Services.CalculatorUnitTests.Camber_ClampedToConstraints" computerName="DESKTOP-C25I8C5" duration="00:00:00.0000956" startTime="2026-06-18T13:57:45.0648768+03:00" endTime="2026-06-18T13:57:45.0648768+03:00" testType="13cdc9d9-ddb5-4fa4-a97d-d965ccfc6d4b" outcome="Passed" testListId="8c84fa94-04c1-424b-9868-57a2d4851a1d" relativeResultsDirectory="68401064-c8ef-4a46-8ff3-b0eddc20ba45" />
    <UnitTestResult executionId="1d340505-06ce-41bc-b397-a99dd747114d" testId="37fa5921-abab-2788-bfd6-3be64bb78634" testName="TuneMaster.Tests.Services.TuneGeneratorServiceTests.Generate_AllTireTypes_NoThrow(tire: Sport)" computerName="DESKTOP-C25I8C5" duration="00:00:00.0000307" startTime="2026-06-18T13:57:45.0715845+03:00" endTime="2026-06-18T13:57:45.0715845+03:00" testType="13cdc9d9-ddb5-4fa4-a97d-d965ccfc6d4b" outcome="Passed" testListId="8c84fa94-04c1-424b-9868-57a2d4851a1d" relativeResultsDirectory="1d340505-06ce-41bc-b397-a99dd747114d" />
    <UnitTestResult executionId="70194d69-7ab2-4eda-9129-165abcdc1b1c" testId="e1d89fae-4cbf-1d03-e5c0-af3c22f4593b" testName="TuneMaster.Tests.Services.CarDatabaseServiceTests.LoadCarDatabase_FromCache_ReturnsCars" computerName="DESKTOP-C25I8C5" duration="00:00:00.0010000" startTime="2026-06-18T13:57:46.0120833+03:00" endTime="2026-06-18T13:57:46.0120834+03:00" testType="13cdc9d9-ddb5-4fa4-a97d-d965ccfc6d4b" outcome="NotExecuted" testListId="8c84fa94-04c1-424b-9868-57a2d4851a1d" relativeResultsDirectory="70194d69-7ab2-4eda-9129-165abcdc1b1c">
      <Output>
        <ErrorInfo>
          <Message>CarDatabaseService replaced</Message>
        </ErrorInfo>
      </Output>
    </UnitTestResult>
    <UnitTestResult executionId="6a23802f-6c2d-45ef-a800-1c3245573cff" testId="8098156f-d673-c047-115c-c66defeecfdf" testName="TuneMaster.Tests.Services.TuneGeneratorServiceTests.Generate_AllTireTypes_NoThrow(tire: Winter)" computerName="DESKTOP-C25I8C5" duration="00:00:00.0001077" startTime="2026-06-18T13:57:45.0715152+03:00" endTime="2026-06-18T13:57:45.0715152+03:00" testType="13cdc9d9-ddb5-4fa4-a97d-d965ccfc6d4b" outcome="Passed" testListId="8c84fa94-04c1-424b-9868-57a2d4851a1d" relativeResultsDirectory="6a23802f-6c2d-45ef-a800-1c3245573cff" />
    <UnitTestResult executionId="bbfcda37-7adc-4926-a61d-1640189f2b2e" testId="5294f16a-dd71-7b50-d9bf-22b7e37b6560" testName="TuneMaster.Tests.Services.TuneGeneratorServiceTests.Generate_GearRatios_ForzaRange" computerName="DESKTOP-C25I8C5" duration="00:00:00.0001476" startTime="2026-06-18T13:57:45.6554811+03:00" endTime="2026-06-18T13:57:45.6554811+03:00" testType="13cdc9d9-ddb5-4fa4-a97d-d965ccfc6d4b" outcome="Passed" testListId="8c84fa94-04c1-424b-9868-57a2d4851a1d" relativeResultsDirectory="bbfcda37-7adc-4926-a61d-1640189f2b2e" />
    <UnitTestResult executionId="0a6dd593-d16c-412c-9b48-dffa8ad27a3d" testId="3decbca8-315e-1444-602e-3ad79ec091e7" testName="TuneMaster.Tests.Models.TuneResultTests.ActualMaxSpeedKmh_ZeroWhenFinalDriveZero" computerName="DESKTOP-C25I8C5" duration="00:00:00.0044794" startTime="2026-06-18T13:57:45.0475551+03:00" endTime="2026-06-18T13:57:45.0475551+03:00" testType="13cdc9d9-ddb5-4fa4-a97d-d965ccfc6d4b" outcome="Passed" testListId="8c84fa94-04c1-424b-9868-57a2d4851a1d" relativeResultsDirectory="0a6dd593-d16c-412c-9b48-dffa8ad27a3d" />
    <UnitTestResult executionId="f92a89c6-e5b2-4a30-b657-513d1d6b213d" testId="ff5bbc98-9b15-d85d-1220-a75782860a1b" testName="TuneMaster.Tests.Services.TuneGeneratorServiceTests.Generate_PostValidate_AllValuesStillInRange" computerName="DESKTOP-C25I8C5" duration="00:00:00.0002974" startTime="2026-06-18T13:57:45.0803257+03:00" endTime="2026-06-18T13:57:45.0803258+03:00" testType="13cdc9d9-ddb5-4fa4-a97d-d965ccfc6d4b" outcome="Passed" testListId="8c84fa94-04c1-424b-9868-57a2d4851a1d" relativeResultsDirectory="f92a89c6-e5b2-4a30-b657-513d1d6b213d" />
    <UnitTestResult executionId="733ca042-f116-4d5c-acf6-1f70c62daa4c" testId="a4565897-57e7-21f8-11c2-d768864ec567" testName="TuneMaster.Tests.Services.TuneGeneratorServiceTests.Generate_AntiLagSingleTurbo_NoThrow" computerName="DESKTOP-C25I8C5" duration="00:00:00.0001464" startTime="2026-06-18T13:57:45.6505640+03:00" endTime="2026-06-18T13:57:45.6505642+03:00" testType="13cdc9d9-ddb5-4fa4-a97d-d965ccfc6d4b" outcome="Passed" testListId="8c84fa94-04c1-424b-9868-57a2d4851a1d" relativeResultsDirectory="733ca042-f116-4d5c-acf6-1f70c62daa4c" />
    <UnitTestResult executionId="adbf269b-c71f-4405-8f54-d09c19271f95" testId="d6272668-9a56-590d-b3c9-0c5b3aa1622e" testName="TuneMaster.Tests.Services.TuneGeneratorServiceTests.Generate_PostValidate_AdjustsFDWhenConstrained" computerName="DESKTOP-C25I8C5" duration="00:00:00.0001151" startTime="2026-06-18T13:57:45.0672647+03:00" endTime="2026-06-18T13:57:45.0672648+03:00" testType="13cdc9d9-ddb5-4fa4-a97d-d965ccfc6d4b" outcome="Passed" testListId="8c84fa94-04c1-424b-9868-57a2d4851a1d" relativeResultsDirectory="adbf269b-c71f-4405-8f54-d09c19271f95" />
    <UnitTestResult executionId="dca607f2-b780-471c-96cf-4cd294082868" testId="97c20e8e-7544-3e01-18a9-4e276c5eede1" testName="TuneMaster.Tests.Services.TuneGeneratorServiceTests.Generate_AllDisciplines_NoThrow(discipline: Street)" computerName="DESKTOP-C25I8C5" duration="00:00:00.0000264" startTime="2026-06-18T13:57:45.0782217+03:00" endTime="2026-06-18T13:57:45.0782218+03:00" testType="13cdc9d9-ddb5-4fa4-a97d-d965ccfc6d4b" outcome="Passed" testListId="8c84fa94-04c1-424b-9868-57a2d4851a1d" relativeResultsDirectory="dca607f2-b780-471c-96cf-4cd294082868" />
    <UnitTestResult executionId="302ac7ab-7563-40cf-b240-f2563b425160" testId="740c629a-8cf9-0ed7-d1c6-fb8a03102dc2" testName="TuneMaster.Tests.ViewModels.MainViewModelTests.DefaultPowerUnit_IsHP" computerName="DESKTOP-C25I8C5" duration="00:00:00.0030283" startTime="2026-06-18T13:57:45.8796102+03:00" endTime="2026-06-18T13:57:45.8796103+03:00" testType="13cdc9d9-ddb5-4fa4-a97d-d965ccfc6d4b" outcome="Passed" testListId="8c84fa94-04c1-424b-9868-57a2d4851a1d" relativeResultsDirectory="302ac7ab-7563-40cf-b240-f2563b425160" />
    <UnitTestResult executionId="21459ae7-cd72-494d-8b1f-8fbe389c2427" testId="75d3fc20-904f-baf2-c80b-937c5d79a891" testName="TuneMaster.Tests.ViewModels.MainViewModelTests.MaxRPMFieldLabel_NotNull" computerName="DESKTOP-C25I8C5" duration="00:00:00.0031375" startTime="2026-06-18T13:57:45.8038452+03:00" endTime="2026-06-18T13:57:45.8038454+03:00" testType="13cdc9d9-ddb5-4fa4-a97d-d965ccfc6d4b" outcome="Passed" testListId="8c84fa94-04c1-424b-9868-57a2d4851a1d" relativeResultsDirectory="21459ae7-cd72-494d-8b1f-8fbe389c2427" />
    <UnitTestResult executionId="4a5865ec-ee76-48f1-94c4-5486a1d90b11" testId="5f2d565d-74f8-6e07-420e-b7aa19a437a9" testName="TuneMaster.Tests.Services.ProfileServiceTests.Load_OldProfile_ReturnsNullVersion" computerName="DESKTOP-C25I8C5" duration="00:00:00.0074815" startTime="2026-06-18T13:57:46.0520353+03:00" endTime="2026-06-18T13:57:46.0520357+03:00" testType="13cdc9d9-ddb5-4fa4-a97d-d965ccfc6d4b" outcome="Passed" testListId="8c84fa94-04c1-424b-9868-57a2d4851a1d" relativeResultsDirectory="4a5865ec-ee76-48f1-94c4-5486a1d90b11" />
    <UnitTestResult executionId="fcedbb31-6063-4bc7-ac12-b1674e6a6469" testId="951e8a3e-7d77-4d5c-9487-7ee3b4fb1506" testName="TuneMaster.Tests.Services.CalculatorUnitTests.Gearing_Diesel_LowersFirstGear" computerName="DESKTOP-C25I8C5" duration="00:00:00.0002994" startTime="2026-06-18T13:57:45.0652385+03:00" endTime="2026-06-18T13:57:45.0652386+03:00" testType="13cdc9d9-ddb5-4fa4-a97d-d965ccfc6d4b" outcome="Passed" testListId="8c84fa94-04c1-424b-9868-57a2d4851a1d" relativeResultsDirectory="fcedbb31-6063-4bc7-ac12-b1674e6a6469" />
    <UnitTestResult executionId="00c6a3ee-5ee1-412b-a1a0-2bdf39a62d53" testId="be730d82-c3ac-ea43-e67c-35780759c8c3" testName="TuneMaster.Tests.Services.TuneGeneratorServiceTests.Generate_AllEngineTypes_NoThrow(engine: I4)" computerName="DESKTOP-C25I8C5" duration="00:00:00.0000251" startTime="2026-06-18T13:57:45.0639146+03:00" endTime="2026-06-18T13:57:45.0639147+03:00" testType="13cdc9d9-ddb5-4fa4-a97d-d965ccfc6d4b" outcome="Passed" testListId="8c84fa94-04c1-424b-9868-57a2d4851a1d" relativeResultsDirectory="00c6a3ee-5ee1-412b-a1a0-2bdf39a62d53" />
    <UnitTestResult executionId="634dc592-7fc1-417e-8098-de13742f30da" testId="63213375-cc28-ac6f-b02f-bede33dff12c" testName="TuneMaster.Tests.Services.TuneGeneratorServiceTests.Generate_AllSuspensionUpgrades_NoThrow(su: Stock)" computerName="DESKTOP-C25I8C5" duration="00:00:00.0001242" startTime="2026-06-18T13:57:45.0656053+03:00" endTime="2026-06-18T13:57:45.0656054+03:00" testType="13cdc9d9-ddb5-4fa4-a97d-d965ccfc6d4b" outcome="Passed" testListId="8c84fa94-04c1-424b-9868-57a2d4851a1d" relativeResultsDirectory="634dc592-7fc1-417e-8098-de13742f30da" />
    <UnitTestResult executionId="98490520-5f91-4e2d-ba63-8c9092d8abdd" testId="3696c293-1615-b25b-53ef-3c7b2d80bae5" testName="TuneMaster.Tests.Services.TuneGeneratorServiceTests.Generate_Aero_InRange" computerName="DESKTOP-C25I8C5" duration="00:00:00.0001560" startTime="2026-06-18T13:57:45.0754981+03:00" endTime="2026-06-18T13:57:45.0754981+03:00" testType="13cdc9d9-ddb5-4fa4-a97d-d965ccfc6d4b" outcome="Passed" testListId="8c84fa94-04c1-424b-9868-57a2d4851a1d" relativeResultsDirectory="98490520-5f91-4e2d-ba63-8c9092d8abdd" />
    <UnitTestResult executionId="30928b69-d9c5-4c0e-945c-219f6cd2e797" testId="cb266414-d3f5-a0d5-7cb0-e1af3e988de0" testName="TuneMaster.Tests.Services.TuneGeneratorServiceTests.Generate_AllDisciplines_NoThrow(discipline: Drift)" computerName="DESKTOP-C25I8C5" duration="00:00:00.0000278" startTime="2026-06-18T13:57:45.0783445+03:00" endTime="2026-06-18T13:57:45.0783446+03:00" testType="13cdc9d9-ddb5-4fa4-a97d-d965ccfc6d4b" outcome="Passed" testListId="8c84fa94-04c1-424b-9868-57a2d4851a1d" relativeResultsDirectory="30928b69-d9c5-4c0e-945c-219f6cd2e797" />
    <UnitTestResult executionId="befcb479-0c2d-49a4-86ed-daae555a6494" testId="e158ceef-6781-d576-ea5b-636c2c47f8c0" testName="TuneMaster.Tests.Services.LocalizationServiceTests.SetLanguage_SameLanguage_ReturnsTrue" computerName="DESKTOP-C25I8C5" duration="00:00:00.0026351" startTime="2026-06-18T13:57:46.0307042+03:00" endTime="2026-06-18T13:57:46.0307043+03:00" testType="13cdc9d9-ddb5-4fa4-a97d-d965ccfc6d4b" outcome="Passed" testListId="8c84fa94-04c1-424b-9868-57a2d4851a1d" relativeResultsDirectory="befcb479-0c2d-49a4-86ed-daae555a6494" />
    <UnitTestResult executionId="ad6aeb5f-e1dc-4b6f-a41a-21d72ad4677e" testId="76f61cc2-ad53-23f6-ae6a-8ab08c9ede25" testName="TuneMaster.Tests.Services.SeasonTests.Generate_AllSeasons_TuneValuesWithinConstraints(season: Autumn)" computerName="DESKTOP-C25I8C5" duration="00:00:00.0000327" startTime="2026-06-18T13:57:45.0636888+03:00" endTime="2026-06-18T13:57:45.0636888+03:00" testType="13cdc9d9-ddb5-4fa4-a97d-d965ccfc6d4b" outcome="Passed" testListId="8c84fa94-04c1-424b-9868-57a2d4851a1d" relativeResultsDirectory="ad6aeb5f-e1dc-4b6f-a41a-21d72ad4677e" />
    <UnitTestResult executionId="341afc03-c2ef-43fe-97b0-ef163882a5de" testId="5f45307e-26ac-ad98-392e-2bba864393c6" testName="TuneMaster.Tests.Services.CalculatorUnitTests.Toe_Drift_Hardcoded_0_8_0_2" computerName="DESKTOP-C25I8C5" duration="00:00:00.0001247" startTime="2026-06-18T13:57:45.0655729+03:00" endTime="2026-06-18T13:57:45.0655729+03:00" testType="13cdc9d9-ddb5-4fa4-a97d-d965ccfc6d4b" outcome="Passed" testListId="8c84fa94-04c1-424b-9868-57a2d4851a1d" relativeResultsDirectory="341afc03-c2ef-43fe-97b0-ef163882a5de" />
    <UnitTestResult executionId="83953163-a7a5-4492-93d7-21c1fc8b765c" testId="a72186b0-2c58-32c1-11c3-d63c7cc1bc9f" testName="TuneMaster.Tests.Converters.NumericBehaviorTests.IsInvalid_SpaceInNumber" computerName="DESKTOP-C25I8C5" duration="00:00:00.0000378" startTime="2026-06-18T13:57:45.1084761+03:00" endTime="2026-06-18T13:57:45.1084761+03:00" testType="13cdc9d9-ddb5-4fa4-a97d-d965ccfc6d4b" outcome="Passed" testListId="8c84fa94-04c1-424b-9868-57a2d4851a1d" relativeResultsDirectory="83953163-a7a5-4492-93d7-21c1fc8b765c" />
    <UnitTestResult executionId="00cca206-1e7c-42e7-92f3-917da8a25856" testId="aa336cde-0866-9305-f582-a75079f9467c" testName="TuneMaster.Tests.Models.TuningConstraintsTests.SetMinMax_EnforcesMinLessThanMax_ARB" computerName="DESKTOP-C25I8C5" duration="00:00:00.0001186" startTime="2026-06-18T13:57:45.0509339+03:00" endTime="2026-06-18T13:57:45.0509340+03:00" testType="13cdc9d9-ddb5-4fa4-a97d-d965ccfc6d4b" outcome="Passed" testListId="8c84fa94-04c1-424b-9868-57a2d4851a1d" relativeResultsDirectory="00cca206-1e7c-42e7-92f3-917da8a25856" />
    <UnitTestResult executionId="dbf1ae25-859a-4707-97e8-c5b664aabfb5" testId="b2d91936-b68e-a91b-7dd4-66c1b0efe349" testName="TuneMaster.Tests.Models.TuneResultTests.ActualMaxSpeedKmh_ComputedCorrectly" computerName="DESKTOP-C25I8C5" duration="00:00:00.0005212" startTime="2026-06-18T13:57:45.0512360+03:00" endTime="2026-06-18T13:57:45.0512360+03:00" testType="13cdc9d9-ddb5-4fa4-a97d-d965ccfc6d4b" outcome="Passed" testListId="8c84fa94-04c1-424b-9868-57a2d4851a1d" relativeResultsDirectory="dbf1ae25-859a-4707-97e8-c5b664aabfb5" />
    <UnitTestResult executionId="987b1c52-bf41-4872-b557-f04f2a993854" testId="af64da4c-c18b-a403-cf45-f4832255e5e9" testName="TuneMaster.Tests.Services.TuneGeneratorServiceTests.Generate_AWD_HasFrontDiffAndCenterBias" computerName="DESKTOP-C25I8C5" duration="00:00:00.0001446" startTime="2026-06-18T13:57:45.6529559+03:00" endTime="2026-06-18T13:57:45.6529560+03:00" testType="13cdc9d9-ddb5-4fa4-a97d-d965ccfc6d4b" outcome="Passed" testListId="8c84fa94-04c1-424b-9868-57a2d4851a1d" relativeResultsDirectory="987b1c52-bf41-4872-b557-f04f2a993854" />
    <UnitTestResult executionId="f8545377-0e4c-48bf-b2e1-d8188ab1927b" testId="5e0adcde-eb6e-27dc-56de-dd4fe4989875" testName="TuneMaster.Tests.Services.TuneGeneratorServiceTests.Generate_NoGearCalc_ReturnsRecommendedCount" computerName="DESKTOP-C25I8C5" duration="00:00:00.0001063" startTime="2026-06-18T13:57:45.0749854+03:00" endTime="2026-06-18T13:57:45.0749854+03:00" testType="13cdc9d9-ddb5-4fa4-a97d-d965ccfc6d4b" outcome="Passed" testListId="8c84fa94-04c1-424b-9868-57a2d4851a1d" relativeResultsDirectory="f8545377-0e4c-48bf-b2e1-d8188ab1927b" />
    <UnitTestResult executionId="1534ee18-5b76-468e-a344-81b90fc12abc" testId="f3d06574-8821-55b4-a8db-a3e92ced15e2" testName="TuneMaster.Tests.ViewModels.MainViewModelTests.BusyMessage_DefaultEmpty" computerName="DESKTOP-C25I8C5" duration="00:00:00.0029533" startTime="2026-06-18T13:57:45.7237967+03:00" endTime="2026-06-18T13:57:45.7237968+03:00" testType="13cdc9d9-ddb5-4fa4-a97d-d965ccfc6d4b" outcome="Passed" testListId="8c84fa94-04c1-424b-9868-57a2d4851a1d" relativeResultsDirectory="1534ee18-5b76-468e-a344-81b90fc12abc" />
    <UnitTestResult executionId="8a7af2cd-7de4-46ef-96be-53ca9a16870e" testId="5aa3b3b7-7768-84e2-ecac-0fe3a883e894" testName="TuneMaster.Tests.ViewModels.MainViewModelTests.TogglePowerUnit_CyclesCorrectly" computerName="DESKTOP-C25I8C5" duration="00:00:00.0068134" startTime="2026-06-18T13:57:45.8765331+03:00" endTime="2026-06-18T13:57:45.8765332+03:00" testType="13cdc9d9-ddb5-4fa4-a97d-d965ccfc6d4b" outcome="Passed" testListId="8c84fa94-04c1-424b-9868-57a2d4851a1d" relativeResultsDirectory="8a7af2cd-7de4-46ef-96be-53ca9a16870e" />
    <UnitTestResult executionId="2fc5f161-955d-4978-8c51-a7d282588c95" testId="0a05b58c-3683-6cef-b020-b36ebf2e76c6" testName="TuneMaster.Tests.Converters.EqualityVisibilityConverterTests.Convert_Equal_Visible" computerName="DESKTOP-C25I8C5" duration="00:00:00.0110389" startTime="2026-06-18T13:57:45.0514896+03:00" endTime="2026-06-18T13:57:45.0514896+03:00" testType="13cdc9d9-ddb5-4fa4-a97d-d965ccfc6d4b" outcome="Passed" testListId="8c84fa94-04c1-424b-9868-57a2d4851a1d" relativeResultsDirectory="2fc5f161-955d-4978-8c51-a7d282588c95" />
    <UnitTestResult executionId="05983664-2336-4db1-a01d-d028c9133e7b" testId="e1eaf1f7-44c3-2355-defd-512ea01961c3" testName="TuneMaster.Tests.Services.CalculatorUnitTests.TirePressure_Drag_FrontHigherThanRear" computerName="DESKTOP-C25I8C5" duration="00:00:00.0001345" startTime="2026-06-18T13:57:45.0702978+03:00" endTime="2026-06-18T13:57:45.0702979+03:00" testType="13cdc9d9-ddb5-4fa4-a97d-d965ccfc6d4b" outcome="Passed" testListId="8c84fa94-04c1-424b-9868-57a2d4851a1d" relativeResultsDirectory="05983664-2336-4db1-a01d-d028c9133e7b" />
    <UnitTestResult executionId="c38486fc-95cf-4b0c-8d5b-38dc167c34cc" testId="aba75bda-b946-8e1e-1529-8d79f146c003" testName="TuneMaster.Tests.Services.CarDatabaseServiceTests.LoadCarDatabase_EmptyCache_ReturnsEmpty" computerName="DESKTOP-C25I8C5" duration="00:00:00.0010000" startTime="2026-06-18T13:57:46.0123309+03:00" endTime="2026-06-18T13:57:46.0123309+03:00" testType="13cdc9d9-ddb5-4fa4-a97d-d965ccfc6d4b" outcome="NotExecuted" testListId="8c84fa94-04c1-424b-9868-57a2d4851a1d" relativeResultsDirectory="c38486fc-95cf-4b0c-8d5b-38dc167c34cc">
      <Output>
        <ErrorInfo>
          <Message>CarDatabaseService replaced</Message>
        </ErrorInfo>
      </Output>
    </UnitTestResult>
    <UnitTestResult executionId="fe909ae7-ac8d-472d-9840-d7c123a73d2b" testId="504fbef7-0666-833f-223c-1067f2815a8c" testName="TuneMaster.Tests.Services.CarDatabaseServiceTests.LoadCarDatabase_LargeCache_AllItemsLoaded" computerName="DESKTOP-C25I8C5" duration="00:00:00.0010000" startTime="2026-06-18T13:57:46.0123879+03:00" endTime="2026-06-18T13:57:46.0123879+03:00" testType="13cdc9d9-ddb5-4fa4-a97d-d965ccfc6d4b" outcome="NotExecuted" testListId="8c84fa94-04c1-424b-9868-57a2d4851a1d" relativeResultsDirectory="fe909ae7-ac8d-472d-9840-d7c123a73d2b">
      <Output>
        <ErrorInfo>
          <Message>CarDatabaseService replaced</Message>
        </ErrorInfo>
      </Output>
    </UnitTestResult>
    <UnitTestResult executionId="f0be6254-4cf7-4322-b7e1-0b12f35d4a91" testId="e27c319b-5c2e-a76c-4c26-ee4144b1367d" testName="TuneMaster.Tests.Services.TuneGeneratorServiceTests.Generate_PostValidate_NoFalsePositiveForNormalCar" computerName="DESKTOP-C25I8C5" duration="00:00:00.0001361" startTime="2026-06-18T13:57:45.6550849+03:00" endTime="2026-06-18T13:57:45.6550850+03:00" testType="13cdc9d9-ddb5-4fa4-a97d-d965ccfc6d4b" outcome="Passed" testListId="8c84fa94-04c1-424b-9868-57a2d4851a1d" relativeResultsDirectory="f0be6254-4cf7-4322-b7e1-0b12f35d4a91" />
    <UnitTestResult executionId="eb7ec924-1654-445c-941b-fecf9de119c6" testId="c3dc3afa-7025-b708-1f2e-200cd04b6cbe" testName="TuneMaster.Tests.ViewModels.MainViewModelTests.HasCenterDiffBias_FalseForRWD" computerName="DESKTOP-C25I8C5" duration="00:00:00.0030416" startTime="2026-06-18T13:57:45.8006607+03:00" endTime="2026-06-18T13:57:45.8006608+03:00" testType="13cdc9d9-ddb5-4fa4-a97d-d965ccfc6d4b" outcome="Passed" testListId="8c84fa94-04c1-424b-9868-57a2d4851a1d" relativeResultsDirectory="eb7ec924-1654-445c-941b-fecf9de119c6" />
    <UnitTestResult executionId="ef09403e-d03e-4f2c-89d3-146517712bfd" testId="22d76c82-bb80-f9ac-7c7a-f1bfb9b492b0" testName="TuneMaster.Tests.Services.TuneGeneratorServiceTests.Generate_WeightDistribution_EnginePositionOverride" computerName="DESKTOP-C25I8C5" duration="00:00:00.0001073" startTime="2026-06-18T13:57:45.6517908+03:00" endTime="2026-06-18T13:57:45.6517908+03:00" testType="13cdc9d9-ddb5-4fa4-a97d-d965ccfc6d4b" outcome="Passed" testListId="8c84fa94-04c1-424b-9868-57a2d4851a1d" relativeResultsDirectory="ef09403e-d03e-4f2c-89d3-146517712bfd" />
    <UnitTestResult executionId="29c7339b-e453-4bfd-a6c2-f4a8de6272ad" testId="5b5e51c1-4ad9-5abf-e77b-85c3e5188fe7" testName="TuneMaster.Tests.Services.CalculatorUnitTests.Toe_FWD_NegativeFront_PositiveRear" computerName="DESKTOP-C25I8C5" duration="00:00:00.0000880" startTime="2026-06-18T13:57:45.0673580+03:00" endTime="2026-06-18T13:57:45.0673581+03:00" testType="13cdc9d9-ddb5-4fa4-a97d-d965ccfc6d4b" outcome="Passed" testListId="8c84fa94-04c1-424b-9868-57a2d4851a1d" relativeResultsDirectory="29c7339b-e453-4bfd-a6c2-f4a8de6272ad" />
    <UnitTestResult executionId="b13f2d7b-90a1-4741-8446-f8164e79ee25" testId="431adcff-ceac-1b02-9a3a-b124ae9ffd77" testName="TuneMaster.Tests.Converters.NumericBehaviorTests.IsInvalid_AllCommonRejections(input: &quot;12:34&quot;)" computerName="DESKTOP-C25I8C5" duration="00:00:00.0000013" startTime="2026-06-18T13:57:45.0493026+03:00" endTime="2026-06-18T13:57:45.0493027+03:00" testType="13cdc9d9-ddb5-4fa4-a97d-d965ccfc6d4b" outcome="Passed" testListId="8c84fa94-04c1-424b-9868-57a2d4851a1d" relativeResultsDirectory="b13f2d7b-90a1-4741-8446-f8164e79ee25" />
    <UnitTestResult executionId="66b2b9aa-1310-4d90-a918-0244b5047d00" testId="b9a58eb1-a5b5-c72b-97e2-4879975ccfa8" testName="TuneMaster.Tests.Services.CalculatorUnitTests.Aero_SpeedFactorCapped" computerName="DESKTOP-C25I8C5" duration="00:00:00.0001462" startTime="2026-06-18T13:57:45.0551304+03:00" endTime="2026-06-18T13:57:45.0551305+03:00" testType="13cdc9d9-ddb5-4fa4-a97d-d965ccfc6d4b" outcome="Passed" testListId="8c84fa94-04c1-424b-9868-57a2d4851a1d" relativeResultsDirectory="66b2b9aa-1310-4d90-a918-0244b5047d00" />
    <UnitTestResult executionId="cbcc2e6b-e99b-482c-aaf4-1846ec355dc9" testId="a80c13ca-62b1-3029-acb5-fe12c290d68e" testName="TuneMaster.Tests.Models.CarCardTests.Serialization_IgnoresComputedProperties" computerName="DESKTOP-C25I8C5" duration="00:00:00.0597944" startTime="2026-06-18T13:57:45.0932887+03:00" endTime="2026-06-18T13:57:45.0932889+03:00" testType="13cdc9d9-ddb5-4fa4-a97d-d965ccfc6d4b" outcome="Passed" testListId="8c84fa94-04c1-424b-9868-57a2d4851a1d" relativeResultsDirectory="cbcc2e6b-e99b-482c-aaf4-1846ec355dc9" />
    <UnitTestResult executionId="46eb6121-4610-48a0-876f-8991ec02e078" testId="65c2e3ba-dc25-edb5-2678-4a814d2e195b" testName="TuneMaster.Tests.Converters.EqualityConverterTests.ConvertBack_False_ReturnsBindingDoNothing" computerName="DESKTOP-C25I8C5" duration="00:00:00.0078338" startTime="2026-06-18T13:57:45.0516750+03:00" endTime="2026-06-18T13:57:45.0516750+03:00" testType="13cdc9d9-ddb5-4fa4-a97d-d965ccfc6d4b" outcome="Passed" testListId="8c84fa94-04c1-424b-9868-57a2d4851a1d" relativeResultsDirectory="46eb6121-4610-48a0-876f-8991ec02e078" />
    <UnitTestResult executionId="bdbc06e5-c726-45a2-a161-4691ff3c8f58" testId="924091d7-d8bf-2531-65ad-b5dbdd8aa294" testName="TuneMaster.Tests.Models.TrackInfoTests.IsDrag_FalseForNonDrag" computerName="DESKTOP-C25I8C5" duration="00:00:00.0000455" startTime="2026-06-18T13:57:45.0507343+03:00" endTime="2026-06-18T13:57:45.0507344+03:00" testType="13cdc9d9-ddb5-4fa4-a97d-d965ccfc6d4b" outcome="Passed" testListId="8c84fa94-04c1-424b-9868-57a2d4851a1d" relativeResultsDirectory="bdbc06e5-c726-45a2-a161-4691ff3c8f58" />
    <UnitTestResult executionId="97fe4b45-46c4-45dc-9174-3ffc05c6c7d4" testId="a56b2e89-2c0a-2a71-09cf-7f47e662603e" testName="TuneMaster.Tests.ViewModels.MainViewModelTests.LanguageOptions_HaveRussianAndEnglish" computerName="DESKTOP-C25I8C5" duration="00:00:00.0032544" startTime="2026-06-18T13:57:45.9602848+03:00" endTime="2026-06-18T13:57:45.9602849+03:00" testType="13cdc9d9-ddb5-4fa4-a97d-d965ccfc6d4b" outcome="Passed" testListId="8c84fa94-04c1-424b-9868-57a2d4851a1d" relativeResultsDirectory="97fe4b45-46c4-45dc-9174-3ffc05c6c7d4" />
    <UnitTestResult executionId="88189a69-13a9-41f7-b8ea-761123d28b02" testId="fbbb450d-7297-8771-d5bf-6ccc9e62efbe" testName="TuneMaster.Tests.Services.CalculatorUnitTests.Diff_Drift_RWD_90_10" computerName="DESKTOP-C25I8C5" duration="00:00:00.0000811" startTime="2026-06-18T13:57:45.0674796+03:00" endTime="2026-06-18T13:57:45.0674797+03:00" testType="13cdc9d9-ddb5-4fa4-a97d-d965ccfc6d4b" outcome="Passed" testListId="8c84fa94-04c1-424b-9868-57a2d4851a1d" relativeResultsDirectory="88189a69-13a9-41f7-b8ea-761123d28b02" />
    <UnitTestResult executionId="46e5ffea-e84d-4a4b-8462-c8dacd8ee77c" testId="76cf4c8e-f8cd-6534-ef08-47a10fe87dd9" testName="TuneMaster.Tests.Services.CalculatorUnitTests.Diff_Street_ReturnsEarly" computerName="DESKTOP-C25I8C5" duration="00:00:00.0000846" startTime="2026-06-18T13:57:45.0600599+03:00" endTime="2026-06-18T13:57:45.0600600+03:00" testType="13cdc9d9-ddb5-4fa4-a97d-d965ccfc6d4b" outcome="Passed" testListId="8c84fa94-04c1-424b-9868-57a2d4851a1d" relativeResultsDirectory="46e5ffea-e84d-4a4b-8462-c8dacd8ee77c" />
    <UnitTestResult executionId="8c752bb9-4ba7-42ad-95d9-b39dddc3e961" testId="662be8bf-12de-53e0-d55e-bec9c7773fa3" testName="TuneMaster.Tests.ViewModels.MainViewModelTests.CarSearchText_DefaultEmpty" computerName="DESKTOP-C25I8C5" duration="00:00:00.0031088" startTime="2026-06-18T13:57:45.7943978+03:00" endTime="2026-06-18T13:57:45.7943979+03:00" testType="13cdc9d9-ddb5-4fa4-a97d-d965ccfc6d4b" outcome="Passed" testListId="8c84fa94-04c1-424b-9868-57a2d4851a1d" relativeResultsDirectory="8c752bb9-4ba7-42ad-95d9-b39dddc3e961" />
    <UnitTestResult executionId="37486cbc-dd37-4c07-8f03-a4e6592e57c2" testId="53115646-6a41-d8da-a227-14e3e9991ecf" testName="TuneMaster.Tests.Services.TuneGeneratorServiceTests.Generate_Drag_Quarter_Has3Gears" computerName="DESKTOP-C25I8C5" duration="00:00:00.0001367" startTime="2026-06-18T13:57:45.0725420+03:00" endTime="2026-06-18T13:57:45.0725421+03:00" testType="13cdc9d9-ddb5-4fa4-a97d-d965ccfc6d4b" outcome="Passed" testListId="8c84fa94-04c1-424b-9868-57a2d4851a1d" relativeResultsDirectory="37486cbc-dd37-4c07-8f03-a4e6592e57c2" />
    <UnitTestResult executionId="ec810d47-4be8-4cc2-be4f-4852df3224df" testId="c3340e20-fc75-f54e-2a10-c65718a5ddb7" testName="TuneMaster.Tests.Services.RelayCommandTests.CanExecute_UsesPredicate" computerName="DESKTOP-C25I8C5" duration="00:00:00.0001642" startTime="2026-06-18T13:57:45.0502456+03:00" endTime="2026-06-18T13:57:45.0502456+03:00" testType="13cdc9d9-ddb5-4fa4-a97d-d965ccfc6d4b" outcome="Passed" testListId="8c84fa94-04c1-424b-9868-57a2d4851a1d" relativeResultsDirectory="ec810d47-4be8-4cc2-be4f-4852df3224df" />
    <UnitTestResult executionId="281d69cb-9503-4ad8-b3f8-3ca8ab87c04d" testId="ed7622be-db1c-d6dc-7472-1d1d4938d4c2" testName="TuneMaster.Tests.Services.TuneGeneratorServiceTests.Generate_PostValidate_SpringRideHeightConsistency" computerName="DESKTOP-C25I8C5" duration="00:00:00.0001410" startTime="2026-06-18T13:57:45.6521979+03:00" endTime="2026-06-18T13:57:45.6521979+03:00" testType="13cdc9d9-ddb5-4fa4-a97d-d965ccfc6d4b" outcome="Passed" testListId="8c84fa94-04c1-424b-9868-57a2d4851a1d" relativeResultsDirectory="281d69cb-9503-4ad8-b3f8-3ca8ab87c04d" />
    <UnitTestResult executionId="97f15165-935c-4ef4-8dd3-3b69a8f8acc9" testId="d8667d0b-7a74-b80b-01a6-ff3a9b5d674e" testName="TuneMaster.Tests.Converters.NumericBehaviorTests.IsValid_TrailingDot" computerName="DESKTOP-C25I8C5" duration="00:00:00.0026430" startTime="2026-06-18T13:57:45.0373160+03:00" endTime="2026-06-18T13:57:45.0373161+03:00" testType="13cdc9d9-ddb5-4fa4-a97d-d965ccfc6d4b" outcome="Passed" testListId="8c84fa94-04c1-424b-9868-57a2d4851a1d" relativeResultsDirectory="97f15165-935c-4ef4-8dd3-3b69a8f8acc9" />
    <UnitTestResult executionId="5d9b3190-79ed-4cf0-a2ae-47aafd38c58e" testId="c6dcdbe0-3643-f2ee-4c38-7ea42a2d78b0" testName="TuneMaster.Tests.ViewModels.MainViewModelTests.Profiles_NotNull" computerName="DESKTOP-C25I8C5" duration="00:00:00.0030082" startTime="2026-06-18T13:57:46.0002876+03:00" endTime="2026-06-18T13:57:46.0002878+03:00" testType="13cdc9d9-ddb5-4fa4-a97d-d965ccfc6d4b" outcome="Passed" testListId="8c84fa94-04c1-424b-9868-57a2d4851a1d" relativeResultsDirectory="5d9b3190-79ed-4cf0-a2ae-47aafd38c58e" />
    <UnitTestResult executionId="13e619ac-c31c-4ac4-86cf-8c4e59a598e0" testId="2e50ea95-eaa6-7962-0335-7715356ffd9b" testName="TuneMaster.Tests.Services.TuneGeneratorServiceTests.Generate_AllAspirationTypes_NoThrow(asp: TwinTurbo)" computerName="DESKTOP-C25I8C5" duration="00:00:00.0001581" startTime="2026-06-18T13:57:45.0674069+03:00" endTime="2026-06-18T13:57:45.0674070+03:00" testType="13cdc9d9-ddb5-4fa4-a97d-d965ccfc6d4b" outcome="Passed" testListId="8c84fa94-04c1-424b-9868-57a2d4851a1d" relativeResultsDirectory="13e619ac-c31c-4ac4-86cf-8c4e59a598e0" />
    <UnitTestResult executionId="358e6f4b-1e92-47b2-a15b-b8c8252245bf" testId="0cceeddd-fd64-8bd1-2b5b-708ece1f05f4" testName="TuneMaster.Tests.Models.CarCardTests.TorquePeakRPM_Minimum500(engine: I4)" computerName="DESKTOP-C25I8C5" duration="00:00:00.0000335" startTime="2026-06-18T13:57:45.1020095+03:00" endTime="2026-06-18T13:57:45.1020095+03:00" testType="13cdc9d9-ddb5-4fa4-a97d-d965ccfc6d4b" outcome="Passed" testListId="8c84fa94-04c1-424b-9868-57a2d4851a1d" relativeResultsDirectory="358e6f4b-1e92-47b2-a15b-b8c8252245bf" />
    <UnitTestResult executionId="c809c2dc-2cce-4e19-a4ce-31e7d441c41d" testId="21d72b99-ac40-4ddb-954e-25c525795c25" testName="TuneMaster.Tests.Services.TuneGeneratorServiceTests.Generate_OnlyFinalDriveCalc_NoGearChange" computerName="DESKTOP-C25I8C5" duration="00:00:00.0001204" startTime="2026-06-18T13:57:45.6555562+03:00" endTime="2026-06-18T13:57:45.6555563+03:00" testType="13cdc9d9-ddb5-4fa4-a97d-d965ccfc6d4b" outcome="Passed" testListId="8c84fa94-04c1-424b-9868-57a2d4851a1d" relativeResultsDirectory="c809c2dc-2cce-4e19-a4ce-31e7d441c41d" />
    <UnitTestResult executionId="368dc86b-9134-4b35-8ef6-edbad146d309" testId="c8c615dc-14bc-dd50-d547-f766d3c6f8ca" testName="TuneMaster.Tests.Services.CalculatorUnitTests.Dampers_HighPower_IncreasesRebound" computerName="DESKTOP-C25I8C5" duration="00:00:00.0001287" startTime="2026-06-18T13:57:45.0678704+03:00" endTime="2026-06-18T13:57:45.0678705+03:00" testType="13cdc9d9-ddb5-4fa4-a97d-d965ccfc6d4b" outcome="Passed" testListId="8c84fa94-04c1-424b-9868-57a2d4851a1d" relativeResultsDirectory="368dc86b-9134-4b35-8ef6-edbad146d309" />
    <UnitTestResult executionId="e39bec9a-e3b2-4b51-aa96-f82ca74cb078" testId="cfc042dd-7c3a-9dd2-d185-a6b9265b2e03" testName="TuneMaster.Tests.Converters.UnitValueConverterTests.Convert_Pressure_Imperial" computerName="DESKTOP-C25I8C5" duration="00:00:00.0000557" startTime="2026-06-18T13:57:45.0566381+03:00" endTime="2026-06-18T13:57:45.0566381+03:00" testType="13cdc9d9-ddb5-4fa4-a97d-d965ccfc6d4b" outcome="Passed" testListId="8c84fa94-04c1-424b-9868-57a2d4851a1d" relativeResultsDirectory="e39bec9a-e3b2-4b51-aa96-f82ca74cb078" />
    <UnitTestResult executionId="8c3de794-4ad6-4d5b-ab1d-3561356be535" testId="74c426d6-7557-4d99-29d2-813984aabeb1" testName="TuneMaster.Tests.Services.LocalizationServiceTests.IsFallbackKey_ExistingInCurrent_ReturnsFalse" computerName="DESKTOP-C25I8C5" duration="00:00:00.0034226" startTime="2026-06-18T13:57:46.0220255+03:00" endTime="2026-06-18T13:57:46.0220256+03:00" testType="13cdc9d9-ddb5-4fa4-a97d-d965ccfc6d4b" outcome="Passed" testListId="8c84fa94-04c1-424b-9868-57a2d4851a1d" relativeResultsDirectory="8c3de794-4ad6-4d5b-ab1d-3561356be535" />
    <UnitTestResult executionId="d1d2fd34-3b2c-4faf-8c92-9ee072972a85" testId="559efea9-21f0-9e2f-136d-c9950ae9622c" testName="TuneMaster.Tests.Services.CarDatabaseServiceTests.LoadCarDatabase_FromCache_CarPropertiesPreserved" computerName="DESKTOP-C25I8C5" duration="00:00:00.0010000" startTime="2026-06-18T13:57:46.0121442+03:00" endTime="2026-06-18T13:57:46.0121442+03:00" testType="13cdc9d9-ddb5-4fa4-a97d-d965ccfc6d4b" outcome="NotExecuted" testListId="8c84fa94-04c1-424b-9868-57a2d4851a1d" relativeResultsDirectory="d1d2fd34-3b2c-4faf-8c92-9ee072972a85">
      <Output>
        <ErrorInfo>
          <Message>CarDatabaseService replaced</Message>
        </ErrorInfo>
      </Output>
    </UnitTestResult>
    <UnitTestResult executionId="dced7a76-fc55-4f4f-9b5d-20f5827c65d7" testId="42c6c659-5ee4-19b3-c038-f55ddf6c964a" testName="TuneMaster.Tests.Services.TuneGeneratorServiceTests.Generate_SportUpgrade_AccelOnlyNoDecel" computerName="DESKTOP-C25I8C5" duration="00:00:00.0001767" startTime="2026-06-18T13:57:45.0661544+03:00" endTime="2026-06-18T13:57:45.0661545+03:00" testType="13cdc9d9-ddb5-4fa4-a97d-d965ccfc6d4b" outcome="Passed" testListId="8c84fa94-04c1-424b-9868-57a2d4851a1d" relativeResultsDirectory="dced7a76-fc55-4f4f-9b5d-20f5827c65d7" />
    <UnitTestResult executionId="1cd9fc6b-e487-4b06-bb17-46855e6fd556" testId="68957725-1733-f09e-18a4-ea25f5694d22" testName="TuneMaster.Tests.ViewModels.MainViewModelTests.SetSelectedProfile_ToNull_DoesNotThrow" computerName="DESKTOP-C25I8C5" duration="00:00:00.0033550" startTime="2026-06-18T13:57:45.9378066+03:00" endTime="2026-06-18T13:57:45.9378067+03:00" testType="13cdc9d9-ddb5-4fa4-a97d-d965ccfc6d4b" outcome="Passed" testListId="8c84fa94-04c1-424b-9868-57a2d4851a1d" relativeResultsDirectory="1cd9fc6b-e487-4b06-bb17-46855e6fd556" />
    <UnitTestResult executionId="ae4da11f-c483-4d5c-ae5c-b1e22648bc17" testId="6abd69ea-208b-b651-53a2-6833bbaeb4c9" testName="TuneMaster.Tests.Services.CalculatorUnitTests.SpringRideHeightFix_LowRH_LowSprings_Triggers" computerName="DESKTOP-C25I8C5" duration="00:00:00.0000877" startTime="2026-06-18T13:57:45.0679806+03:00" endTime="2026-06-18T13:57:45.0679807+03:00" testType="13cdc9d9-ddb5-4fa4-a97d-d965ccfc6d4b" outcome="Passed" testListId="8c84fa94-04c1-424b-9868-57a2d4851a1d" relativeResultsDirectory="ae4da11f-c483-4d5c-ae5c-b1e22648bc17" />
    <UnitTestResult executionId="5f20e0d8-5167-4f41-8d1e-314461bac1cc" testId="db12d4f0-133d-75f1-0e5d-cb24776fb27a" testName="TuneMaster.Tests.ViewModels.MainViewModelTests.TirePressureDisplay_Imperial_Roundtrips" computerName="DESKTOP-C25I8C5" duration="00:00:00.0039365" startTime="2026-06-18T13:57:45.7107053+03:00" endTime="2026-06-18T13:57:45.7107054+03:00" testType="13cdc9d9-ddb5-4fa4-a97d-d965ccfc6d4b" outcome="Passed" testListId="8c84fa94-04c1-424b-9868-57a2d4851a1d" relativeResultsDirectory="5f20e0d8-5167-4f41-8d1e-314461bac1cc" />
    <UnitTestResult executionId="4704e89d-d4ce-4f74-88a3-a7c393446f8c" testId="8c928407-ee88-741b-79e2-dc3d1a6de66c" testName="TuneMaster.Tests.Services.CalculatorUnitTests.ARB_SeasonSummer_Highest" computerName="DESKTOP-C25I8C5" duration="00:00:00.0001009" startTime="2026-06-18T13:57:45.0709674+03:00" endTime="2026-06-18T13:57:45.0709675+03:00" testType="13cdc9d9-ddb5-4fa4-a97d-d965ccfc6d4b" outcome="Passed" testListId="8c84fa94-04c1-424b-9868-57a2d4851a1d" relativeResultsDirectory="4704e89d-d4ce-4f74-88a3-a7c393446f8c" />
    <UnitTestResult executionId="bab7baaf-a27e-4fea-bd37-4d2d1d31ad75" testId="adb78ee2-ad24-573e-00f2-98295082abb5" testName="TuneMaster.Tests.Converters.NumericBehaviorTests.IsInvalid_AllCommonRejections(input: &quot;1-2&quot;)" computerName="DESKTOP-C25I8C5" duration="00:00:00.0000007" startTime="2026-06-18T13:57:45.0495517+03:00" endTime="2026-06-18T13:57:45.0495517+03:00" testType="13cdc9d9-ddb5-4fa4-a97d-d965ccfc6d4b" outcome="Passed" testListId="8c84fa94-04c1-424b-9868-57a2d4851a1d" relativeResultsDirectory="bab7baaf-a27e-4fea-bd37-4d2d1d31ad75" />
    <UnitTestResult executionId="86eb45ab-a4ee-4918-a16a-8f6e67832432" testId="e0083658-d9bd-33d5-97ce-461b56584a37" testName="TuneMaster.Tests.Services.CarDatabaseServiceTests.LoadCarDatabase_MultipleEntries_SortedByListOrder" computerName="DESKTOP-C25I8C5" duration="00:00:00.0010000" startTime="2026-06-18T13:57:46.0122555+03:00" endTime="2026-06-18T13:57:46.0122555+03:00" testType="13cdc9d9-ddb5-4fa4-a97d-d965ccfc6d4b" outcome="NotExecuted" testListId="8c84fa94-04c1-424b-9868-57a2d4851a1d" relativeResultsDirectory="86eb45ab-a4ee-4918-a16a-8f6e67832432">
      <Output>
        <ErrorInfo>
          <Message>CarDatabaseService replaced</Message>
        </ErrorInfo>
      </Output>
    </UnitTestResult>
    <UnitTestResult executionId="51a6f411-84e3-4406-bd5f-2f0e6ea7ca5c" testId="862cece3-3cee-b4b7-7beb-e5832c0607f8" testName="TuneMaster.Tests.Models.NotifyBaseTests.Set_MultipleProperties_RaisesForEach" computerName="DESKTOP-C25I8C5" duration="00:00:00.0001784" startTime="2026-06-18T13:57:45.0504488+03:00" endTime="2026-06-18T13:57:45.0504488+03:00" testType="13cdc9d9-ddb5-4fa4-a97d-d965ccfc6d4b" outcome="Passed" testListId="8c84fa94-04c1-424b-9868-57a2d4851a1d" relativeResultsDirectory="51a6f411-84e3-4406-bd5f-2f0e6ea7ca5c" />
    <UnitTestResult executionId="5ece5b90-1b84-47fa-ae60-7db8bd372f98" testId="3ae6e484-1492-e258-e30b-e26b05dfb29a" testName="TuneMaster.Tests.Services.TuneGeneratorServiceTests.Generate_TirePressure_InRange" computerName="DESKTOP-C25I8C5" duration="00:00:00.0001235" startTime="2026-06-18T13:57:45.6547501+03:00" endTime="2026-06-18T13:57:45.6547501+03:00" testType="13cdc9d9-ddb5-4fa4-a97d-d965ccfc6d4b" outcome="Passed" testListId="8c84fa94-04c1-424b-9868-57a2d4851a1d" relativeResultsDirectory="5ece5b90-1b84-47fa-ae60-7db8bd372f98" />
    <UnitTestResult executionId="82252c44-5465-46f8-ade9-4e6be6cfbdab" testId="df1fb822-9130-6522-392d-75112b16ad48" testName="TuneMaster.Tests.ViewModels.MainViewModelTests.SpringDisplay_KgfMm_Roundtrips" computerName="DESKTOP-C25I8C5" duration="00:00:00.0135875" startTime="2026-06-18T13:57:45.6791300+03:00" endTime="2026-06-18T13:57:45.6791301+03:00" testType="13cdc9d9-ddb5-4fa4-a97d-d965ccfc6d4b" outcome="Passed" testListId="8c84fa94-04c1-424b-9868-57a2d4851a1d" relativeResultsDirectory="82252c44-5465-46f8-ade9-4e6be6cfbdab" />
    <UnitTestResult executionId="4a2a1646-af5c-4c88-ad67-9770a091446e" testId="8527172e-ac13-5e0a-64b5-36eee5249f08" testName="TuneMaster.Tests.Services.CalculatorUnitTests.Brakes_HeavyCar_IncreasesPressure" computerName="DESKTOP-C25I8C5" duration="00:00:00.0000735" startTime="2026-06-18T13:57:45.0615846+03:00" endTime="2026-06-18T13:57:45.0615847+03:00" testType="13cdc9d9-ddb5-4fa4-a97d-d965ccfc6d4b" outcome="Passed" testListId="8c84fa94-04c1-424b-9868-57a2d4851a1d" relativeResultsDirectory="4a2a1646-af5c-4c88-ad67-9770a091446e" />
    <UnitTestResult executionId="b7fb79ea-d180-47b5-b474-2be0874807cf" testId="1c57a8ab-e3f6-2152-a5ce-cce2d1ccff76" testName="TuneMaster.Tests.Converters.NumericBehaviorTests.IsValid_EmptyString" computerName="DESKTOP-C25I8C5" duration="00:00:00.0000497" startTime="2026-06-18T13:57:45.0492370+03:00" endTime="2026-06-18T13:57:45.0492370+03:00" testType="13cdc9d9-ddb5-4fa4-a97d-d965ccfc6d4b" outcome="Passed" testListId="8c84fa94-04c1-424b-9868-57a2d4851a1d" relativeResultsDirectory="b7fb79ea-d180-47b5-b474-2be0874807cf" />
    <UnitTestResult executionId="6f9f6e7b-e1f4-4eee-ba6c-6e7b146e78a3" testId="41a969fe-7017-a819-0d84-5a1fcb4a1881" testName="TuneMaster.Tests.Converters.NumericBehaviorTests.IsValid_NegativeNumber" computerName="DESKTOP-C25I8C5" duration="00:00:00.0000328" startTime="2026-06-18T13:57:45.0500663+03:00" endTime="2026-06-18T13:57:45.0500663+03:00" testType="13cdc9d9-ddb5-4fa4-a97d-d965ccfc6d4b" outcome="Passed" testListId="8c84fa94-04c1-424b-9868-57a2d4851a1d" relativeResultsDirectory="6f9f6e7b-e1f4-4eee-ba6c-6e7b146e78a3" />
    <UnitTestResult executionId="6f8c0201-20be-4ca9-a0fd-3d3d99ed6ade" testId="1259e476-585b-2082-16d3-5aff34405028" testName="TuneMaster.Tests.Converters.EnumToBoolConverterTests.Convert_DifferentValue_ReturnsFalse" computerName="DESKTOP-C25I8C5" duration="00:00:00.0000714" startTime="2026-06-18T13:57:45.0518501+03:00" endTime="2026-06-18T13:57:45.0518501+03:00" testType="13cdc9d9-ddb5-4fa4-a97d-d965ccfc6d4b" outcome="Passed" testListId="8c84fa94-04c1-424b-9868-57a2d4851a1d" relativeResultsDirectory="6f8c0201-20be-4ca9-a0fd-3d3d99ed6ade" />
    <UnitTestResult executionId="e785b3e0-b07a-4ecb-a285-c7dffefb815c" testId="cf1a3013-2226-cc5c-8c30-738f7d0303b4" testName="TuneMaster.Tests.Converters.DateDisplayConverterTests.Convert_DateTime_ReturnsFormatted" computerName="DESKTOP-C25I8C5" duration="00:00:00.0174379" startTime="2026-06-18T13:57:45.0518880+03:00" endTime="2026-06-18T13:57:45.0518880+03:00" testType="13cdc9d9-ddb5-4fa4-a97d-d965ccfc6d4b" outcome="Passed" testListId="8c84fa94-04c1-424b-9868-57a2d4851a1d" relativeResultsDirectory="e785b3e0-b07a-4ecb-a285-c7dffefb815c" />
    <UnitTestResult executionId="84e82e8d-616d-4484-8540-ac39c5219939" testId="e5a2f6d8-b33b-06b6-ffd1-08e0b55e4cdb" testName="TuneMaster.Tests.Models.TrackInfoTests.IsDrag_MatchesDiscipline(d: Road, expected: False)" computerName="DESKTOP-C25I8C5" duration="00:00:00.0000763" startTime="2026-06-18T13:57:45.0505323+03:00" endTime="2026-06-18T13:57:45.0505323+03:00" testType="13cdc9d9-ddb5-4fa4-a97d-d965ccfc6d4b" outcome="Passed" testListId="8c84fa94-04c1-424b-9868-57a2d4851a1d" relativeResultsDirectory="84e82e8d-616d-4484-8540-ac39c5219939" />
    <UnitTestResult executionId="8a6d4263-a996-4746-a8c8-d7c631300964" testId="a563d1e0-9e58-8ede-e236-a1dd6c6bea6f" testName="TuneMaster.Tests.Services.CalculatorUnitTests.RideHeight_RaceSuspension_LowerThanRally" computerName="DESKTOP-C25I8C5" duration="00:00:00.0001517" startTime="2026-06-18T13:57:45.0666607+03:00" endTime="2026-06-18T13:57:45.0666607+03:00" testType="13cdc9d9-ddb5-4fa4-a97d-d965ccfc6d4b" outcome="Passed" testListId="8c84fa94-04c1-424b-9868-57a2d4851a1d" relativeResultsDirectory="8a6d4263-a996-4746-a8c8-d7c631300964" />
    <UnitTestResult executionId="642e3300-de95-4008-b471-80f0972192f1" testId="f02b1c71-7ca2-25a6-e982-b96350a756c5" testName="TuneMaster.Tests.Services.TuneGeneratorServiceTests.Generate_RealDbCar_AllDisciplines_ValuesInRange" computerName="DESKTOP-C25I8C5" duration="00:00:00.5696518" startTime="2026-06-18T13:57:45.6503680+03:00" endTime="2026-06-18T13:57:45.6503683+03:00" testType="13cdc9d9-ddb5-4fa4-a97d-d965ccfc6d4b" outcome="Passed" testListId="8c84fa94-04c1-424b-9868-57a2d4851a1d" relativeResultsDirectory="642e3300-de95-4008-b471-80f0972192f1" />
    <UnitTestResult executionId="cc79e2ac-1ed0-4d2b-a1bc-beec1117e7a8" testId="b105fae7-e5a6-7ead-c3b7-4d81ff84abd5" testName="TuneMaster.Tests.Services.CalculatorUnitTests.Aero_NoParts_ReturnsZero" computerName="DESKTOP-C25I8C5" duration="00:00:00.0001005" startTime="2026-06-18T13:57:45.0735855+03:00" endTime="2026-06-18T13:57:45.0735856+03:00" testType="13cdc9d9-ddb5-4fa4-a97d-d965ccfc6d4b" outcome="Passed" testListId="8c84fa94-04c1-424b-9868-57a2d4851a1d" relativeResultsDirectory="cc79e2ac-1ed0-4d2b-a1bc-beec1117e7a8" />
    <UnitTestResult executionId="17543805-fa28-462a-874f-16d7956807e9" testId="583c6994-9c96-f75a-e943-4b33b564ff31" testName="TuneMaster.Tests.Services.ProfileServiceTests.Save_SetsVersion_WithResult" computerName="DESKTOP-C25I8C5" duration="00:00:00.0081437" startTime="2026-06-18T13:57:46.0601832+03:00" endTime="2026-06-18T13:57:46.0601834+03:00" testType="13cdc9d9-ddb5-4fa4-a97d-d965ccfc6d4b" outcome="Passed" testListId="8c84fa94-04c1-424b-9868-57a2d4851a1d" relativeResultsDirectory="17543805-fa28-462a-874f-16d7956807e9" />
    <UnitTestResult executionId="7b01959b-0317-48bb-96a6-e5e7913c25ec" testId="64a75338-0d8c-37ca-d275-b369bf0d5ee3" testName="TuneMaster.Tests.Services.CalculatorUnitTests.RideHeight_Drag_Base10_65" computerName="DESKTOP-C25I8C5" duration="00:00:00.0001243" startTime="2026-06-18T13:57:45.0621881+03:00" endTime="2026-06-18T13:57:45.0621881+03:00" testType="13cdc9d9-ddb5-4fa4-a97d-d965ccfc6d4b" outcome="Passed" testListId="8c84fa94-04c1-424b-9868-57a2d4851a1d" relativeResultsDirectory="7b01959b-0317-48bb-96a6-e5e7913c25ec" />
    <UnitTestResult executionId="811eb5ba-7e68-4f7a-b3d8-0ff630b3fa2b" testId="3384e487-6df9-56c6-7d36-aaee292c6e52" testName="TuneMaster.Tests.Services.StorageServiceTests.Save_DoubleUnderscore_Roundtrips" computerName="DESKTOP-C25I8C5" duration="00:00:00.0075567" startTime="2026-06-18T13:57:46.1116816+03:00" endTime="2026-06-18T13:57:46.1116817+03:00" testType="13cdc9d9-ddb5-4fa4-a97d-d965ccfc6d4b" outcome="Passed" testListId="8c84fa94-04c1-424b-9868-57a2d4851a1d" relativeResultsDirectory="811eb5ba-7e68-4f7a-b3d8-0ff630b3fa2b" />
    <UnitTestResult executionId="4e1570af-03aa-47fe-b793-3aba0939f4d2" testId="8f1b5034-6b69-bcf6-671b-2fb8e1eeeaf0" testName="TuneMaster.Tests.ViewModels.MainViewModelTests.TuneResult_InitiallyNull" computerName="DESKTOP-C25I8C5" duration="00:00:00.0029454" startTime="2026-06-18T13:57:45.7802779+03:00" endTime="2026-06-18T13:57:45.7802780+03:00" testType="13cdc9d9-ddb5-4fa4-a97d-d965ccfc6d4b" outcome="Passed" testListId="8c84fa94-04c1-424b-9868-57a2d4851a1d" relativeResultsDirectory="4e1570af-03aa-47fe-b793-3aba0939f4d2" />
    <UnitTestResult executionId="248fde40-cb20-4444-8c42-ecac48246498" testId="0e4ae1a2-7443-96a0-b7fa-1922d8c3fd6e" testName="TuneMaster.Tests.Services.TuneGeneratorServiceTests.Generate_AllEngineTypes_NoThrow(engine: V8)" computerName="DESKTOP-C25I8C5" duration="00:00:00.0001440" startTime="2026-06-18T13:57:45.0636606+03:00" endTime="2026-06-18T13:57:45.0636606+03:00" testType="13cdc9d9-ddb5-4fa4-a97d-d965ccfc6d4b" outcome="Passed" testListId="8c84fa94-04c1-424b-9868-57a2d4851a1d" relativeResultsDirectory="248fde40-cb20-4444-8c42-ecac48246498" />
    <UnitTestResult executionId="c532ae35-0e9c-4d02-bfad-f6365da5de95" testId="e62ac734-c4a5-75d1-b27a-4bfb1873d1c1" testName="TuneMaster.Tests.Services.CalculatorUnitTests.TirePressure_Summer_AdjustmentNeg10" computerName="DESKTOP-C25I8C5" duration="00:00:00.0001874" startTime="2026-06-18T13:57:45.0532414+03:00" endTime="2026-06-18T13:57:45.0532415+03:00" testType="13cdc9d9-ddb5-4fa4-a97d-d965ccfc6d4b" outcome="Passed" testListId="8c84fa94-04c1-424b-9868-57a2d4851a1d" relativeResultsDirectory="c532ae35-0e9c-4d02-bfad-f6365da5de95" />
    <UnitTestResult executionId="5dd4ef70-be08-425d-9dc3-80071a573b6b" testId="e106d8b8-ece7-0a88-b692-6cf80273933b" testName="TuneMaster.Tests.Services.TuneGeneratorServiceTests.Generate_AllSuspensionUpgrades_NoThrow(su: Sport)" computerName="DESKTOP-C25I8C5" duration="00:00:00.0000252" startTime="2026-06-18T13:57:45.0656167+03:00" endTime="2026-06-18T13:57:45.0656167+03:00" testType="13cdc9d9-ddb5-4fa4-a97d-d965ccfc6d4b" outcome="Passed" testListId="8c84fa94-04c1-424b-9868-57a2d4851a1d" relativeResultsDirectory="5dd4ef70-be08-425d-9dc3-80071a573b6b" />
    <UnitTestResult executionId="4c9ab19e-be5a-4831-96db-4ad42597498e" testId="1dd07863-8142-88e1-f66f-1cf76d5720b4" testName="TuneMaster.Tests.Services.LocalizationServiceTests.TryGet_ExistingKey_ReturnsTrue" computerName="DESKTOP-C25I8C5" duration="00:00:00.0009554" startTime="2026-06-18T13:57:46.0327487+03:00" endTime="2026-06-18T13:57:46.0327488+03:00" testType="13cdc9d9-ddb5-4fa4-a97d-d965ccfc6d4b" outcome="Passed" testListId="8c84fa94-04c1-424b-9868-57a2d4851a1d" relativeResultsDirectory="4c9ab19e-be5a-4831-96db-4ad42597498e" />
    <UnitTestResult executionId="bd917edd-efa3-4c9d-a331-1949685b5051" testId="4a330273-a62e-871d-2b58-d8c04cead2f5" testName="TuneMaster.Tests.Services.TuneGeneratorServiceTests.Generate_Discipline_Drift_LowCaster" computerName="DESKTOP-C25I8C5" duration="00:00:00.0001570" startTime="2026-06-18T13:57:45.0760484+03:00" endTime="2026-06-18T13:57:45.0760484+03:00" testType="13cdc9d9-ddb5-4fa4-a97d-d965ccfc6d4b" outcome="Passed" testListId="8c84fa94-04c1-424b-9868-57a2d4851a1d" relativeResultsDirectory="bd917edd-efa3-4c9d-a331-1949685b5051" />
    <UnitTestResult executionId="e0d30f62-5b3f-4a8e-86d7-6343a4cec185" testId="a26c2e10-4027-baf4-e20e-5aa9b506adcd" testName="TuneMaster.Tests.Services.TuneGeneratorServiceTests.Generate_AllDifferentialUpgrades_NoThrow(diff: Stock)" computerName="DESKTOP-C25I8C5" duration="00:00:00.0000360" startTime="2026-06-18T13:57:45.0669146+03:00" endTime="2026-06-18T13:57:45.0669146+03:00" testType="13cdc9d9-ddb5-4fa4-a97d-d965ccfc6d4b" outcome="Passed" testListId="8c84fa94-04c1-424b-9868-57a2d4851a1d" relativeResultsDirectory="e0d30f62-5b3f-4a8e-86d7-6343a4cec185" />
    <UnitTestResult executionId="33cb3eda-730f-4158-ab79-74cb6cd67fbe" testId="d86eaa9e-de65-05b6-5890-c73ff3d701dd" testName="TuneMaster.Tests.ViewModels.MainViewModelTests.SaveCommand_SavesProfile" computerName="DESKTOP-C25I8C5" duration="00:00:00.0263092" startTime="2026-06-18T13:57:45.7601981+03:00" endTime="2026-06-18T13:57:45.7601982+03:00" testType="13cdc9d9-ddb5-4fa4-a97d-d965ccfc6d4b" outcome="Passed" testListId="8c84fa94-04c1-424b-9868-57a2d4851a1d" relativeResultsDirectory="33cb3eda-730f-4158-ab79-74cb6cd67fbe" />
    <UnitTestResult executionId="8b1f67d4-0e08-46ad-8744-01e0966ef3aa" testId="ccce6b4d-69c3-a9bb-457a-521fd584a076" testName="TuneMaster.Tests.Services.TuneGeneratorServiceTests.Generate_AllDisciplines_DifferentResults" computerName="DESKTOP-C25I8C5" duration="00:00:00.0024580" startTime="2026-06-18T13:57:45.0710801+03:00" endTime="2026-06-18T13:57:45.0710801+03:00" testType="13cdc9d9-ddb5-4fa4-a97d-d965ccfc6d4b" outcome="Passed" testListId="8c84fa94-04c1-424b-9868-57a2d4851a1d" relativeResultsDirectory="8b1f67d4-0e08-46ad-8744-01e0966ef3aa" />
    <UnitTestResult executionId="1e9a07c7-8064-4cc5-81fc-395e17dc955d" testId="d31e6086-c58e-53f0-bb55-f6bca433b389" testName="TuneMaster.Tests.Converters.UnitValueConverterTests.Convert_Spring_NMm" computerName="DESKTOP-C25I8C5" duration="00:00:00.0000606" startTime="2026-06-18T13:57:45.0567975+03:00" endTime="2026-06-18T13:57:45.0567976+03:00" testType="13cdc9d9-ddb5-4fa4-a97d-d965ccfc6d4b" outcome="Passed" testListId="8c84fa94-04c1-424b-9868-57a2d4851a1d" relativeResultsDirectory="1e9a07c7-8064-4cc5-81fc-395e17dc955d" />
    <UnitTestResult executionId="09e20b65-d50c-4842-859c-94ed7a613f18" testId="be230452-6c21-ace9-6cd0-9a6ae016185f" testName="TuneMaster.Tests.Services.CalculatorUnitTests.Springs_RWD_AddsRearHz" computerName="DESKTOP-C25I8C5" duration="00:00:00.0001817" startTime="2026-06-18T13:57:45.0742951+03:00" endTime="2026-06-18T13:57:45.0742951+03:00" testType="13cdc9d9-ddb5-4fa4-a97d-d965ccfc6d4b" outcome="Passed" testListId="8c84fa94-04c1-424b-9868-57a2d4851a1d" relativeResultsDirectory="09e20b65-d50c-4842-859c-94ed7a613f18" />
    <UnitTestResult executionId="d7dde65e-db0b-496c-9c82-b62cb2474d73" testId="92c40deb-0761-35cd-eab0-8380d440d07a" testName="TuneMaster.Tests.ViewModels.MainViewModelTests.IsAutoGenerate_FalseByDefault" computerName="DESKTOP-C25I8C5" duration="00:00:00.0033490" startTime="2026-06-18T13:57:45.9052502+03:00" endTime="2026-06-18T13:57:45.9052504+03:00" testType="13cdc9d9-ddb5-4fa4-a97d-d965ccfc6d4b" outcome="Failed" testListId="8c84fa94-04c1-424b-9868-57a2d4851a1d" relativeResultsDirectory="d7dde65e-db0b-496c-9c82-b62cb2474d73">
      <Output>
        <ErrorInfo>
          <Message>Assert.False() Failure&#xD;
Expected: False&#xD;
Actual:   True</Message>
          <StackTrace>   at TuneMaster.Tests.ViewModels.MainViewModelTests.IsAutoGenerate_FalseByDefault() in U:\Forza Horizon 6 Tune Master\TuneMaster.Tests\ViewModels\MainViewModelTests.cs:line 469&#xD;
   at System.RuntimeMethodHandle.InvokeMethod(Object target, Void** arguments, Signature sig, Boolean isConstructor)&#xD;
   at System.Reflection.MethodBaseInvoker.InvokeWithNoArgs(Object obj, BindingFlags invokeAttr)</StackTrace>
        </ErrorInfo>
      </Output>
    </UnitTestResult>
    <UnitTestResult executionId="6658a559-aa82-47f3-8f74-691de177c4cd" testId="521ef855-0635-190f-06e2-a36bdea6361c" testName="TuneMaster.Tests.Converters.NumericBehaviorTests.IsValid_NegativeDecimal" computerName="DESKTOP-C25I8C5" duration="00:00:00.0000149" startTime="2026-06-18T13:57:45.1085700+03:00" endTime="2026-06-18T13:57:45.1085700+03:00" testType="13cdc9d9-ddb5-4fa4-a97d-d965ccfc6d4b" outcome="Passed" testListId="8c84fa94-04c1-424b-9868-57a2d4851a1d" relativeResultsDirectory="6658a559-aa82-47f3-8f74-691de177c4cd" />
    <UnitTestResult executionId="fd77b525-022e-4c26-b0b4-81f66cea744e" testId="09b49348-8648-b9cc-69e9-22a23fb0ff7d" testName="TuneMaster.Tests.ViewModels.MainViewModelTests.GenerateCommand_UpdatesStatus" computerName="DESKTOP-C25I8C5" duration="00:00:00.0036221" startTime="2026-06-18T13:57:45.8472708+03:00" endTime="2026-06-18T13:57:45.8472709+03:00" testType="13cdc9d9-ddb5-4fa4-a97d-d965ccfc6d4b" outcome="Passed" testListId="8c84fa94-04c1-424b-9868-57a2d4851a1d" relativeResultsDirectory="fd77b525-022e-4c26-b0b4-81f66cea744e" />
    <UnitTestResult executionId="4217d4e2-6052-4d17-b0f7-06e03afa58d3" testId="7c09c68a-2ab1-4a49-1f4e-1a7b17b4f660" testName="TuneMaster.Tests.Services.CalculatorUnitTests.TirePressure_Offroad_LowestBase" computerName="DESKTOP-C25I8C5" duration="00:00:00.0000833" startTime="2026-06-18T13:57:45.0638813+03:00" endTime="2026-06-18T13:57:45.0638813+03:00" testType="13cdc9d9-ddb5-4fa4-a97d-d965ccfc6d4b" outcome="Passed" testListId="8c84fa94-04c1-424b-9868-57a2d4851a1d" relativeResultsDirectory="4217d4e2-6052-4d17-b0f7-06e03afa58d3" />
    <UnitTestResult executionId="0b0a56b4-40d0-4130-94a6-7b98d81ef687" testId="be6bc14e-f471-5c66-a09f-870986c9cb18" testName="TuneMaster.Tests.Converters.NumericBehaviorTests.IsValid_AllCommonFormats(input: &quot;0&quot;)" computerName="DESKTOP-C25I8C5" duration="00:00:00.0000005" startTime="2026-06-18T13:57:45.0500002+03:00" endTime="2026-06-18T13:57:45.0500003+03:00" testType="13cdc9d9-ddb5-4fa4-a97d-d965ccfc6d4b" outcome="Passed" testListId="8c84fa94-04c1-424b-9868-57a2d4851a1d" relativeResultsDirectory="0b0a56b4-40d0-4130-94a6-7b98d81ef687" />
    <UnitTestResult executionId="5fc28ce3-4698-48f5-8c37-8b4d4d1e7c67" testId="e636fafd-6e57-4363-ddfd-94f9751a5046" testName="TuneMaster.Tests.Services.CalculatorUnitTests.Gearing_ElectricNonDrag_2Gears" computerName="DESKTOP-C25I8C5" duration="00:00:00.0000733" startTime="2026-06-18T13:57:45.0701365+03:00" endTime="2026-06-18T13:57:45.0701366+03:00" testType="13cdc9d9-ddb5-4fa4-a97d-d965ccfc6d4b" outcome="Passed" testListId="8c84fa94-04c1-424b-9868-57a2d4851a1d" relativeResultsDirectory="5fc28ce3-4698-48f5-8c37-8b4d4d1e7c67" />
    <UnitTestResult executionId="fcbfd80a-936a-41ee-867e-9436abe7d15f" testId="575ecac8-6b50-9c66-a58a-556985b319f3" testName="TuneMaster.Tests.Models.CarCardTests.TotalMass_Changing_RaisesMaxSpeedKmh" computerName="DESKTOP-C25I8C5" duration="00:00:00.0001093" startTime="2026-06-18T13:57:45.1023149+03:00" endTime="2026-06-18T13:57:45.1023149+03:00" testType="13cdc9d9-ddb5-4fa4-a97d-d965ccfc6d4b" outcome="Passed" testListId="8c84fa94-04c1-424b-9868-57a2d4851a1d" relativeResultsDirectory="fcbfd80a-936a-41ee-867e-9436abe7d15f" />
    <UnitTestResult executionId="8a26bea8-d9b3-4434-8614-17ce9a5cc732" testId="65db50ce-4b0d-45cf-e541-d5ac9c56ca2f" testName="TuneMaster.Tests.Services.CalculatorUnitTests.Brakes_LightCar_DecreasesPressure" computerName="DESKTOP-C25I8C5" duration="00:00:00.0230758" startTime="2026-06-18T13:57:45.0519157+03:00" endTime="2026-06-18T13:57:45.0519157+03:00" testType="13cdc9d9-ddb5-4fa4-a97d-d965ccfc6d4b" outcome="Passed" testListId="8c84fa94-04c1-424b-9868-57a2d4851a1d" relativeResultsDirectory="8a26bea8-d9b3-4434-8614-17ce9a5cc732" />
    <UnitTestResult executionId="48c79f2a-0b34-4d0f-8d11-8a649c0a35c6" testId="eac67e3c-c5a3-40bd-1e2c-a405bb3ad35c" testName="TuneMaster.Tests.Services.RelayCommandTests.Execute_RunsAction" computerName="DESKTOP-C25I8C5" duration="00:00:00.0000824" startTime="2026-06-18T13:57:45.0504409+03:00" endTime="2026-06-18T13:57:45.0504409+03:00" testType="13cdc9d9-ddb5-4fa4-a97d-d965ccfc6d4b" outcome="Passed" testListId="8c84fa94-04c1-424b-9868-57a2d4851a1d" relativeResultsDirectory="48c79f2a-0b34-4d0f-8d11-8a649c0a35c6" />
    <UnitTestResult executionId="efc06208-f094-4ad0-a6fa-645c194d5878" testId="0c9aef14-4241-72be-9c42-31696b8beb98" testName="TuneMaster.Tests.Services.CalculatorUnitTests.RideHeight_ZeroRange_UsesMin" computerName="DESKTOP-C25I8C5" duration="00:00:00.0002557" startTime="2026-06-18T13:57:45.0731471+03:00" endTime="2026-06-18T13:57:45.0731472+03:00" testType="13cdc9d9-ddb5-4fa4-a97d-d965ccfc6d4b" outcome="Passed" testListId="8c84fa94-04c1-424b-9868-57a2d4851a1d" relativeResultsDirectory="efc06208-f094-4ad0-a6fa-645c194d5878" />
    <UnitTestResult executionId="8b1c9207-b49b-4d4a-b4d7-b761757a0b9c" testId="3803f7b2-be47-f977-77a2-fbcf8013e1d4" testName="TuneMaster.Tests.ViewModels.MainViewModelTests.HasCenterDiffBias_TrueForAWD" computerName="DESKTOP-C25I8C5" duration="00:00:00.0038335" startTime="2026-06-18T13:57:45.7067180+03:00" endTime="2026-06-18T13:57:45.7067181+03:00" testType="13cdc9d9-ddb5-4fa4-a97d-d965ccfc6d4b" outcome="Passed" testListId="8c84fa94-04c1-424b-9868-57a2d4851a1d" relativeResultsDirectory="8b1c9207-b49b-4d4a-b4d7-b761757a0b9c" />
    <UnitTestResult executionId="b8e1b7ce-1730-4891-abeb-6b96258ab9b9" testId="c033ae45-922f-4157-2b35-6ae17f5c3e7d" testName="TuneMaster.Tests.Converters.NumericBehaviorTests.IsValid_MultiDigit" computerName="DESKTOP-C25I8C5" duration="00:00:00.0000177" startTime="2026-06-18T13:57:45.1085185+03:00" endTime="2026-06-18T13:57:45.1085185+03:00" testType="13cdc9d9-ddb5-4fa4-a97d-d965ccfc6d4b" outcome="Passed" testListId="8c84fa94-04c1-424b-9868-57a2d4851a1d" relativeResultsDirectory="b8e1b7ce-1730-4891-abeb-6b96258ab9b9" />
    <UnitTestResult executionId="cdaa74e4-0e67-4838-857d-3868caee0480" testId="0d019699-e938-42b0-4fd2-49cfa4f0ef35" testName="TuneMaster.Tests.Converters.NumericBehaviorTests.IsValid_AllCommonFormats(input: &quot;1&quot;)" computerName="DESKTOP-C25I8C5" duration="00:00:00.0000705" startTime="2026-06-18T13:57:45.0497801+03:00" endTime="2026-06-18T13:57:45.0497802+03:00" testType="13cdc9d9-ddb5-4fa4-a97d-d965ccfc6d4b" outcome="Passed" testListId="8c84fa94-04c1-424b-9868-57a2d4851a1d" relativeResultsDirectory="cdaa74e4-0e67-4838-857d-3868caee0480" />
    <UnitTestResult executionId="fd95a4a3-fd14-4bdc-864b-78dd929d8b89" testId="69afccc9-48ab-02f8-9009-0cdfcad6b782" testName="TuneMaster.Tests.Converters.EnumToBoolConverterTests.Convert_SameValue_ReturnsTrue" computerName="DESKTOP-C25I8C5" duration="00:00:00.0000624" startTime="2026-06-18T13:57:45.0516908+03:00" endTime="2026-06-18T13:57:45.0516909+03:00" testType="13cdc9d9-ddb5-4fa4-a97d-d965ccfc6d4b" outcome="Passed" testListId="8c84fa94-04c1-424b-9868-57a2d4851a1d" relativeResultsDirectory="fd95a4a3-fd14-4bdc-864b-78dd929d8b89" />
    <UnitTestResult executionId="5407fe3d-62ec-4c32-80c3-0efe87e64f79" testId="b205cca7-fe20-b1cd-19ed-f5ce2dafcd9a" testName="TuneMaster.Tests.Converters.AspirationTypeLabelConverterTests.Convert_Aspiration_ReturnsLabel" computerName="DESKTOP-C25I8C5" duration="00:00:00.0177906" startTime="2026-06-18T13:57:45.0519470+03:00" endTime="2026-06-18T13:57:45.0519470+03:00" testType="13cdc9d9-ddb5-4fa4-a97d-d965ccfc6d4b" outcome="Passed" testListId="8c84fa94-04c1-424b-9868-57a2d4851a1d" relativeResultsDirectory="5407fe3d-62ec-4c32-80c3-0efe87e64f79" />
    <UnitTestResult executionId="641633b9-6f33-4b67-ae37-90e80da52f4f" testId="75081bb5-48bc-a72a-4d29-1ab7e4edbc6c" testName="TuneMaster.Tests.Services.RelayCommandTests.CanExecute_UsesPredicateWithParameter" computerName="DESKTOP-C25I8C5" duration="00:00:00.0001254" startTime="2026-06-18T13:57:45.0502714+03:00" endTime="2026-06-18T13:57:45.0502714+03:00" testType="13cdc9d9-ddb5-4fa4-a97d-d965ccfc6d4b" outcome="Passed" testListId="8c84fa94-04c1-424b-9868-57a2d4851a1d" relativeResultsDirectory="641633b9-6f33-4b67-ae37-90e80da52f4f" />
    <UnitTestResult executionId="f3cd62b5-d39e-4020-830a-285b46502ca9" testId="84cf4390-f2e2-176c-e7fb-b28eb490a4cc" testName="TuneMaster.Tests.Converters.UnitValueConverterTests.Convert_Spring_LbsIn" computerName="DESKTOP-C25I8C5" duration="00:00:00.0000565" startTime="2026-06-18T13:57:45.0568817+03:00" endTime="2026-06-18T13:57:45.0568818+03:00" testType="13cdc9d9-ddb5-4fa4-a97d-d965ccfc6d4b" outcome="Passed" testListId="8c84fa94-04c1-424b-9868-57a2d4851a1d" relativeResultsDirectory="f3cd62b5-d39e-4020-830a-285b46502ca9" />
    <UnitTestResult executionId="3344e995-0fb7-48b0-aa5e-20666eb87516" testId="8f999ff0-bfb8-e0c0-207f-81672ffe4181" testName="TuneMaster.Tests.Converters.UnitValueConverterTests.Convert_Mass_Metric" computerName="DESKTOP-C25I8C5" duration="00:00:00.0000612" startTime="2026-06-18T13:57:45.0566227+03:00" endTime="2026-06-18T13:57:45.0566227+03:00" testType="13cdc9d9-ddb5-4fa4-a97d-d965ccfc6d4b" outcome="Passed" testListId="8c84fa94-04c1-424b-9868-57a2d4851a1d" relativeResultsDirectory="3344e995-0fb7-48b0-aa5e-20666eb87516" />
    <UnitTestResult executionId="0a552e42-daa5-48e3-b074-d614fe69b80d" testId="91ef9a44-ebc0-6ae1-b50a-1dba570faf47" testName="TuneMaster.Tests.Models.TrackInfoTests.PropertyChanged_RaisedOnDisciplineChange" computerName="DESKTOP-C25I8C5" duration="00:00:00.0001231" startTime="2026-06-18T13:57:45.0505062+03:00" endTime="2026-06-18T13:57:45.0505062+03:00" testType="13cdc9d9-ddb5-4fa4-a97d-d965ccfc6d4b" outcome="Passed" testListId="8c84fa94-04c1-424b-9868-57a2d4851a1d" relativeResultsDirectory="0a552e42-daa5-48e3-b074-d614fe69b80d" />
    <UnitTestResult executionId="996abe76-71b5-4d00-85f9-f9da8da2999b" testId="e1b08f11-15e3-d09d-8fb6-36842b5b0e88" testName="TuneMaster.Tests.Services.SeasonTests.Generate_AllSeasons_SpringWithinDefaultConstraints(season: Winter)" computerName="DESKTOP-C25I8C5" duration="00:00:00.0000277" startTime="2026-06-18T13:57:45.0639553+03:00" endTime="2026-06-18T13:57:45.0639554+03:00" testType="13cdc9d9-ddb5-4fa4-a97d-d965ccfc6d4b" outcome="Passed" testListId="8c84fa94-04c1-424b-9868-57a2d4851a1d" relativeResultsDirectory="996abe76-71b5-4d00-85f9-f9da8da2999b" />
    <UnitTestResult executionId="c9c5be0a-f69e-4a3e-9827-2fc39f4d36e4" testId="67037082-3e52-4cef-07af-a41e7f6410b7" testName="TuneMaster.Tests.Services.CalculatorUnitTests.Gearing_DisciplineParams_AllUnique" computerName="DESKTOP-C25I8C5" duration="00:00:00.0000553" startTime="2026-06-18T13:57:45.0698804+03:00" endTime="2026-06-18T13:57:45.0698805+03:00" testType="13cdc9d9-ddb5-4fa4-a97d-d965ccfc6d4b" outcome="Passed" testListId="8c84fa94-04c1-424b-9868-57a2d4851a1d" relativeResultsDirectory="c9c5be0a-f69e-4a3e-9827-2fc39f4d36e4" />
    <UnitTestResult executionId="82c4d371-c75d-455d-a955-5ffa2e881dc2" testId="cc191036-fe85-d19b-cc96-e41bd25441a0" testName="TuneMaster.Tests.Services.CalculatorUnitTests.EffectiveWtDist_Explicit_ReturnsExplicitValue" computerName="DESKTOP-C25I8C5" duration="00:00:00.0000504" startTime="2026-06-18T13:57:45.0711482+03:00" endTime="2026-06-18T13:57:45.0711483+03:00" testType="13cdc9d9-ddb5-4fa4-a97d-d965ccfc6d4b" outcome="Passed" testListId="8c84fa94-04c1-424b-9868-57a2d4851a1d" relativeResultsDirectory="82c4d371-c75d-455d-a955-5ffa2e881dc2" />
    <UnitTestResult executionId="2852031a-bf29-4c30-a4b0-68312795cf16" testId="d1821e2d-dcb8-6cd9-c416-185d9b511fa3" testName="TuneMaster.Tests.Models.CarCardTests.TorquePeakRPM_Minimum500(engine: Boxer)" computerName="DESKTOP-C25I8C5" duration="00:00:00.0000029" startTime="2026-06-18T13:57:45.1020334+03:00" endTime="2026-06-18T13:57:45.1020335+03:00" testType="13cdc9d9-ddb5-4fa4-a97d-d965ccfc6d4b" outcome="Passed" testListId="8c84fa94-04c1-424b-9868-57a2d4851a1d" relativeResultsDirectory="2852031a-bf29-4c30-a4b0-68312795cf16" />
    <UnitTestResult executionId="70651736-457a-41ee-b3d8-627a1410fee8" testId="3e36968c-0b1f-4964-ae67-f9f34c67e956" testName="TuneMaster.Tests.Models.CarCardTests.PowerPeakRPM_Electric_Uses45Percent" computerName="DESKTOP-C25I8C5" duration="00:00:00.0000384" startTime="2026-06-18T13:57:45.1024944+03:00" endTime="2026-06-18T13:57:45.1024944+03:00" testType="13cdc9d9-ddb5-4fa4-a97d-d965ccfc6d4b" outcome="Passed" testListId="8c84fa94-04c1-424b-9868-57a2d4851a1d" relativeResultsDirectory="70651736-457a-41ee-b3d8-627a1410fee8" />
    <UnitTestResult executionId="f80d6501-c1f6-4409-8d8e-1d3daaf17dfd" testId="c5707a4c-bfd0-41c5-807d-287b7ef3ff1f" testName="TuneMaster.Tests.Services.CalculatorUnitTests.Camber_Touge_Base_1_8_0_8" computerName="DESKTOP-C25I8C5" duration="00:00:00.0000889" startTime="2026-06-18T13:57:45.0745204+03:00" endTime="2026-06-18T13:57:45.0745204+03:00" testType="13cdc9d9-ddb5-4fa4-a97d-d965ccfc6d4b" outcome="Passed" testListId="8c84fa94-04c1-424b-9868-57a2d4851a1d" relativeResultsDirectory="f80d6501-c1f6-4409-8d8e-1d3daaf17dfd" />
    <UnitTestResult executionId="08343e77-c130-4d21-8de4-16b17bbfae7b" testId="3dcf8568-7503-11f0-0f21-97f75d48fa46" testName="TuneMaster.Tests.Services.CalculatorUnitTests.Gearing_AspirationStep_CentrifugalReducesStepMax" computerName="DESKTOP-C25I8C5" duration="00:00:00.0001444" startTime="2026-06-18T13:57:45.0534136+03:00" endTime="2026-06-18T13:57:45.0534137+03:00" testType="13cdc9d9-ddb5-4fa4-a97d-d965ccfc6d4b" outcome="Passed" testListId="8c84fa94-04c1-424b-9868-57a2d4851a1d" relativeResultsDirectory="08343e77-c130-4d21-8de4-16b17bbfae7b" />
    <UnitTestResult executionId="0b267c7f-af4e-4804-a1e4-cd5f12c541a2" testId="bedc1c94-92f1-5223-11d4-cd110ebdbe51" testName="TuneMaster.Tests.Services.TuneGeneratorServiceTests.Generate_Differential_InRange" computerName="DESKTOP-C25I8C5" duration="00:00:00.0001737" startTime="2026-06-18T13:57:45.6518110+03:00" endTime="2026-06-18T13:57:45.6518111+03:00" testType="13cdc9d9-ddb5-4fa4-a97d-d965ccfc6d4b" outcome="Passed" testListId="8c84fa94-04c1-424b-9868-57a2d4851a1d" relativeResultsDirectory="0b267c7f-af4e-4804-a1e4-cd5f12c541a2" />
    <UnitTestResult executionId="77740a1f-a1ef-468f-b730-73539cdcfa2a" testId="a14de730-64ac-7186-40c2-cf97ae47b882" testName="TuneMaster.Tests.Services.TuneGeneratorServiceTests.Generate_Brakes_InRange" computerName="DESKTOP-C25I8C5" duration="00:00:00.0001529" startTime="2026-06-18T13:57:45.0773358+03:00" endTime="2026-06-18T13:57:45.0773358+03:00" testType="13cdc9d9-ddb5-4fa4-a97d-d965ccfc6d4b" outcome="Passed" testListId="8c84fa94-04c1-424b-9868-57a2d4851a1d" relativeResultsDirectory="77740a1f-a1ef-468f-b730-73539cdcfa2a" />
    <UnitTestResult executionId="dfd1997c-d438-4fef-b2fc-0f5484d981af" testId="26eaf435-1f7d-ba92-2340-ce0665715193" testName="TuneMaster.Tests.Services.CalculatorUnitTests.Camber_Drift_Base_2_5_0_8" computerName="DESKTOP-C25I8C5" duration="00:00:00.0000800" startTime="2026-06-18T13:57:45.0633131+03:00" endTime="2026-06-18T13:57:45.0633131+03:00" testType="13cdc9d9-ddb5-4fa4-a97d-d965ccfc6d4b" outcome="Passed" testListId="8c84fa94-04c1-424b-9868-57a2d4851a1d" relativeResultsDirectory="dfd1997c-d438-4fef-b2fc-0f5484d981af" />
    <UnitTestResult executionId="5642b794-769a-4766-be15-dcefe19697f7" testId="1674f66a-faa3-9b07-3449-6e25985f2b43" testName="TuneMaster.Tests.Services.TuneGeneratorServiceTests.Generate_LongWheelbase_LessAccelLock" computerName="DESKTOP-C25I8C5" duration="00:00:00.0001585" startTime="2026-06-18T13:57:45.0758386+03:00" endTime="2026-06-18T13:57:45.0758386+03:00" testType="13cdc9d9-ddb5-4fa4-a97d-d965ccfc6d4b" outcome="Passed" testListId="8c84fa94-04c1-424b-9868-57a2d4851a1d" relativeResultsDirectory="5642b794-769a-4766-be15-dcefe19697f7" />
    <UnitTestResult executionId="8cd64d87-04ec-4c97-bbfd-01aae1a30c96" testId="f427babf-777a-e519-6f9d-94df3623ff32" testName="TuneMaster.Tests.Services.TuneGeneratorServiceTests.Generate_AllAspirationTypes_NoThrow(asp: Centrifugal)" computerName="DESKTOP-C25I8C5" duration="00:00:00.0000329" startTime="2026-06-18T13:57:45.0674622+03:00" endTime="2026-06-18T13:57:45.0674623+03:00" testType="13cdc9d9-ddb5-4fa4-a97d-d965ccfc6d4b" outcome="Passed" testListId="8c84fa94-04c1-424b-9868-57a2d4851a1d" relativeResultsDirectory="8cd64d87-04ec-4c97-bbfd-01aae1a30c96" />
    <UnitTestResult executionId="88804a12-8ebd-406f-933c-ff0a4107ee58" testId="410aec5d-d2d5-677a-e455-d67c4472c085" testName="TuneMaster.Tests.Services.TuneGeneratorServiceTests.Generate_RearEngine_WeightDistributionOverride" computerName="DESKTOP-C25I8C5" duration="00:00:00.0001496" startTime="2026-06-18T13:57:45.6508868+03:00" endTime="2026-06-18T13:57:45.6508869+03:00" testType="13cdc9d9-ddb5-4fa4-a97d-d965ccfc6d4b" outcome="Passed" testListId="8c84fa94-04c1-424b-9868-57a2d4851a1d" relativeResultsDirectory="88804a12-8ebd-406f-933c-ff0a4107ee58" />
    <UnitTestResult executionId="20ea2ef3-4c56-4582-a5ef-6a64f96d2368" testId="792bd37d-a65b-8e0d-3ebf-b8da4d30c3a2" testName="TuneMaster.Tests.Services.StorageServiceTests.Save_UnicodeName_Roundtrips" computerName="DESKTOP-C25I8C5" duration="00:00:00.0083364" startTime="2026-06-18T13:57:46.0805349+03:00" endTime="2026-06-18T13:57:46.0805350+03:00" testType="13cdc9d9-ddb5-4fa4-a97d-d965ccfc6d4b" outcome="Passed" testListId="8c84fa94-04c1-424b-9868-57a2d4851a1d" relativeResultsDirectory="20ea2ef3-4c56-4582-a5ef-6a64f96d2368" />
    <UnitTestResult executionId="61d57926-07e0-4451-8024-aeefbd64afca" testId="c419cfcf-05f6-cd2c-f0a3-1b3b832574ca" testName="TuneMaster.Tests.Converters.NumericBehaviorTests.SetIsNumeric_DefaultIsFalse" computerName="DESKTOP-C25I8C5" duration="00:00:00.0025924" startTime="2026-06-18T13:57:45.1080063+03:00" endTime="2026-06-18T13:57:45.1080064+03:00" testType="13cdc9d9-ddb5-4fa4-a97d-d965ccfc6d4b" outcome="Passed" testListId="8c84fa94-04c1-424b-9868-57a2d4851a1d" relativeResultsDirectory="61d57926-07e0-4451-8024-aeefbd64afca" />
    <UnitTestResult executionId="64a96c28-7a11-440d-9d96-044e96dc9835" testId="09efe59b-ea23-8569-af20-60a408967f91" testName="TuneMaster.Tests.Models.SpringUnitOptionTests.ToString_ReturnsLabel" computerName="DESKTOP-C25I8C5" duration="00:00:00.0025708" startTime="2026-06-18T13:57:45.0475288+03:00" endTime="2026-06-18T13:57:45.0475289+03:00" testType="13cdc9d9-ddb5-4fa4-a97d-d965ccfc6d4b" outcome="Passed" testListId="8c84fa94-04c1-424b-9868-57a2d4851a1d" relativeResultsDirectory="64a96c28-7a11-440d-9d96-044e96dc9835" />
    <UnitTestResult executionId="b935087f-5fce-4e07-b5b4-f50f68df4986" testId="6c77b14b-369b-12b4-a6ba-b0fcca0e3439" testName="TuneMaster.Tests.Models.CarCardTests.SuspensionAllowsAdvancedTuning_Offroad_ReturnsTrue" computerName="DESKTOP-C25I8C5" duration="00:00:00.0000368" startTime="2026-06-18T13:57:45.1017445+03:00" endTime="2026-06-18T13:57:45.1017445+03:00" testType="13cdc9d9-ddb5-4fa4-a97d-d965ccfc6d4b" outcome="Passed" testListId="8c84fa94-04c1-424b-9868-57a2d4851a1d" relativeResultsDirectory="b935087f-5fce-4e07-b5b4-f50f68df4986" />
    <UnitTestResult executionId="7ac37dbd-8a63-44a8-84cf-4ac5728cc6ca" testId="c4543780-5f00-031f-9d80-0bc5f8968eae" testName="TuneMaster.Tests.Services.CalculatorUnitTests.Diff_Rally_AWD_55_20" computerName="DESKTOP-C25I8C5" duration="00:00:00.0001974" startTime="2026-06-18T13:57:45.0664926+03:00" endTime="2026-06-18T13:57:45.0664927+03:00" testType="13cdc9d9-ddb5-4fa4-a97d-d965ccfc6d4b" outcome="Passed" testListId="8c84fa94-04c1-424b-9868-57a2d4851a1d" relativeResultsDirectory="7ac37dbd-8a63-44a8-84cf-4ac5728cc6ca" />
    <UnitTestResult executionId="1f24f31a-51f8-41da-8507-2c56d4d68f5b" testId="b4a08387-7e9d-2d85-cd82-d1a84e1c6fe6" testName="TuneMaster.Tests.Converters.UnitValueConverterTests.Convert_Pressure_Metric" computerName="DESKTOP-C25I8C5" duration="00:00:00.0281248" startTime="2026-06-18T13:57:45.0559093+03:00" endTime="2026-06-18T13:57:45.0559094+03:00" testType="13cdc9d9-ddb5-4fa4-a97d-d965ccfc6d4b" outcome="Passed" testListId="8c84fa94-04c1-424b-9868-57a2d4851a1d" relativeResultsDirectory="1f24f31a-51f8-41da-8507-2c56d4d68f5b" />
    <UnitTestResult executionId="a4e334ce-660e-4868-8430-512c4e0761b1" testId="f58e2dcd-63a3-8826-3356-8db34ffcecfe" testName="TuneMaster.Tests.Services.TuneGeneratorServiceTests.Generate_Discipline_Rally_SoftSprings" computerName="DESKTOP-C25I8C5" duration="00:00:00.0001231" startTime="2026-06-18T13:57:45.0678926+03:00" endTime="2026-06-18T13:57:45.0678926+03:00" testType="13cdc9d9-ddb5-4fa4-a97d-d965ccfc6d4b" outcome="Passed" testListId="8c84fa94-04c1-424b-9868-57a2d4851a1d" relativeResultsDirectory="a4e334ce-660e-4868-8430-512c4e0761b1" />
    <UnitTestResult executionId="c467f09b-8ee2-4bb8-894e-adccec46ea12" testId="16592bf4-d3fe-e288-b041-da650d5e3f78" testName="TuneMaster.Tests.Models.TuneResultTests.DefaultResult_HasEmptyGearsAndEmptyExplanations" computerName="DESKTOP-C25I8C5" duration="00:00:00.0009717" startTime="2026-06-18T13:57:45.0500290+03:00" endTime="2026-06-18T13:57:45.0500290+03:00" testType="13cdc9d9-ddb5-4fa4-a97d-d965ccfc6d4b" outcome="Passed" testListId="8c84fa94-04c1-424b-9868-57a2d4851a1d" relativeResultsDirectory="c467f09b-8ee2-4bb8-894e-adccec46ea12" />
    <UnitTestResult executionId="ef0b6d7b-38dd-490b-8bde-38a9235dda9e" testId="421c77e9-8cdd-b865-ad4d-c0a23fe4470d" testName="TuneMaster.Tests.Services.TuneGeneratorServiceTests.Generate_AllSuspensionUpgrades_NoThrow(su: Offroad)" computerName="DESKTOP-C25I8C5" duration="00:00:00.0000222" startTime="2026-06-18T13:57:45.0658207+03:00" endTime="2026-06-18T13:57:45.0658208+03:00" testType="13cdc9d9-ddb5-4fa4-a97d-d965ccfc6d4b" outcome="Passed" testListId="8c84fa94-04c1-424b-9868-57a2d4851a1d" relativeResultsDirectory="ef0b6d7b-38dd-490b-8bde-38a9235dda9e" />
    <UnitTestResult executionId="a247316b-5b67-412f-bd8f-addfda474e2b" testId="d90a5bf5-2d48-c210-8fd9-7fa83ed43eac" testName="TuneMaster.Tests.Services.LocalizationServiceTests.T_ReturnsValue_ForKeyExists" computerName="DESKTOP-C25I8C5" duration="00:00:00.0010624" startTime="2026-06-18T13:57:46.0361533+03:00" endTime="2026-06-18T13:57:46.0361534+03:00" testType="13cdc9d9-ddb5-4fa4-a97d-d965ccfc6d4b" outcome="Passed" testListId="8c84fa94-04c1-424b-9868-57a2d4851a1d" relativeResultsDirectory="a247316b-5b67-412f-bd8f-addfda474e2b" />
    <UnitTestResult executionId="82b7a146-0c14-41db-8aad-807ec7c56b12" testId="a425b189-6757-3487-6b54-2c9b694a6406" testName="TuneMaster.Tests.Services.StorageServiceTests.Save_Version_NullByDefault" computerName="DESKTOP-C25I8C5" duration="00:00:00.0073732" startTime="2026-06-18T13:57:46.1268156+03:00" endTime="2026-06-18T13:57:46.1268158+03:00" testType="13cdc9d9-ddb5-4fa4-a97d-d965ccfc6d4b" outcome="Passed" testListId="8c84fa94-04c1-424b-9868-57a2d4851a1d" relativeResultsDirectory="82b7a146-0c14-41db-8aad-807ec7c56b12" />
    <UnitTestResult executionId="1896ead4-66c2-433e-aa19-c0a2217b08da" testId="7782a69f-32f3-5b75-8ef1-d753e2a0d1d8" testName="TuneMaster.Tests.Services.CalculatorUnitTests.Dampers_Drag_Discipline075" computerName="DESKTOP-C25I8C5" duration="00:00:00.0001211" startTime="2026-06-18T13:57:45.0646381+03:00" endTime="2026-06-18T13:57:45.0646381+03:00" testType="13cdc9d9-ddb5-4fa4-a97d-d965ccfc6d4b" outcome="Passed" testListId="8c84fa94-04c1-424b-9868-57a2d4851a1d" relativeResultsDirectory="1896ead4-66c2-433e-aa19-c0a2217b08da" />
    <UnitTestResult executionId="ae9e32b8-ae23-4467-8fe9-3c71ca096ec6" testId="96915022-8483-aebd-ac30-08b334a7d094" testName="TuneMaster.Tests.Models.CarCardTests.SuspensionAllowsAdvancedTuning_Rally_ReturnsTrue" computerName="DESKTOP-C25I8C5" duration="00:00:00.0000397" startTime="2026-06-18T13:57:45.1017189+03:00" endTime="2026-06-18T13:57:45.1017189+03:00" testType="13cdc9d9-ddb5-4fa4-a97d-d965ccfc6d4b" outcome="Passed" testListId="8c84fa94-04c1-424b-9868-57a2d4851a1d" relativeResultsDirectory="ae9e32b8-ae23-4467-8fe9-3c71ca096ec6" />
    <UnitTestResult executionId="be54698f-18ad-4181-8b7d-c02589bc89de" testId="a6f8ba79-5361-6243-6059-3b68c3c2ee28" testName="TuneMaster.Tests.Services.CalculatorUnitTests.Diff_AWD_CenterBias_Present" computerName="DESKTOP-C25I8C5" duration="00:00:00.0001013" startTime="2026-06-18T13:57:45.0673104+03:00" endTime="2026-06-18T13:57:45.0673104+03:00" testType="13cdc9d9-ddb5-4fa4-a97d-d965ccfc6d4b" outcome="Passed" testListId="8c84fa94-04c1-424b-9868-57a2d4851a1d" relativeResultsDirectory="be54698f-18ad-4181-8b7d-c02589bc89de" />
    <UnitTestResult executionId="81ad2b23-a18a-490b-8bb1-dd1d427ca680" testId="35351525-8f65-d7c2-fce5-6f03740012e2" testName="TuneMaster.Tests.Converters.NumericBehaviorTests.IsValid_MultipleDigitsAfterDot" computerName="DESKTOP-C25I8C5" duration="00:00:00.0000523" startTime="2026-06-18T13:57:45.0497432+03:00" endTime="2026-06-18T13:57:45.0497432+03:00" testType="13cdc9d9-ddb5-4fa4-a97d-d965ccfc6d4b" outcome="Passed" testListId="8c84fa94-04c1-424b-9868-57a2d4851a1d" relativeResultsDirectory="81ad2b23-a18a-490b-8bb1-dd1d427ca680" />
    <UnitTestResult executionId="5c8a8b2e-e07d-4029-bff0-e8d3b649d435" testId="67705d39-7935-6948-7e3f-b669bc4b3b5d" testName="TuneMaster.Tests.Converters.NumericBehaviorTests.IsValid_Zero" computerName="DESKTOP-C25I8C5" duration="00:00:00.0000151" startTime="2026-06-18T13:57:45.1085836+03:00" endTime="2026-06-18T13:57:45.1085837+03:00" testType="13cdc9d9-ddb5-4fa4-a97d-d965ccfc6d4b" outcome="Passed" testListId="8c84fa94-04c1-424b-9868-57a2d4851a1d" relativeResultsDirectory="5c8a8b2e-e07d-4029-bff0-e8d3b649d435" />
    <UnitTestResult executionId="01398514-af3b-44e0-9279-7a3318e0d943" testId="8313c8ce-1fb3-cd4a-8a99-a2961180b65e" testName="TuneMaster.Tests.Converters.DateDisplayConverterTests.Convert_NonDateTime_ReturnsEmpty" computerName="DESKTOP-C25I8C5" duration="00:00:00.0001193" startTime="2026-06-18T13:57:45.0519064+03:00" endTime="2026-06-18T13:57:45.0519064+03:00" testType="13cdc9d9-ddb5-4fa4-a97d-d965ccfc6d4b" outcome="Passed" testListId="8c84fa94-04c1-424b-9868-57a2d4851a1d" relativeResultsDirectory="01398514-af3b-44e0-9279-7a3318e0d943" />
    <UnitTestResult executionId="fae706d0-8afc-488d-b58d-a802470f8cc6" testId="6d8c1c62-5bde-9877-df26-36dd2e7a2faf" testName="TuneMaster.Tests.Converters.UnitValueConverterTests.Convert_FewerThan2Values_ReturnsDash" computerName="DESKTOP-C25I8C5" duration="00:00:00.0000606" startTime="2026-06-18T13:57:45.0566515+03:00" endTime="2026-06-18T13:57:45.0566516+03:00" testType="13cdc9d9-ddb5-4fa4-a97d-d965ccfc6d4b" outcome="Passed" testListId="8c84fa94-04c1-424b-9868-57a2d4851a1d" relativeResultsDirectory="fae706d0-8afc-488d-b58d-a802470f8cc6" />
    <UnitTestResult executionId="3cfa6bd6-6240-4083-8928-cd57ca3e9284" testId="3210837c-c7fa-14a8-afe9-ad9030594db5" testName="TuneMaster.Tests.Services.TuneGeneratorServiceTests.Generate_AntiLagTwinTurbo_NoThrow" computerName="DESKTOP-C25I8C5" duration="00:00:00.0001226" startTime="2026-06-18T13:57:45.0744404+03:00" endTime="2026-06-18T13:57:45.0744404+03:00" testType="13cdc9d9-ddb5-4fa4-a97d-d965ccfc6d4b" outcome="Passed" testListId="8c84fa94-04c1-424b-9868-57a2d4851a1d" relativeResultsDirectory="3cfa6bd6-6240-4083-8928-cd57ca3e9284" />
[...]
    <TestEntry testId="47652f08-61cb-75e2-1d2a-de5060e9d7a3" executionId="00197921-46df-41da-85fe-3c20e699c130" testListId="8c84fa94-04c1-424b-9868-57a2d4851a1d" />
    <TestEntry testId="d27b113b-8127-c127-4928-4aba584a83d1" executionId="23a7f5c7-f016-4e18-a944-34bccee0d771" testListId="8c84fa94-04c1-424b-9868-57a2d4851a1d" />
    <TestEntry testId="3d875f1f-038c-0d8e-ed26-6f90e682d440" executionId="80b7814c-0329-4eec-a65b-0ad46426f118" testListId="8c84fa94-04c1-424b-9868-57a2d4851a1d" />
    <TestEntry testId="57a5ceea-5896-8c39-7e5a-4a015236c086" executionId="319db307-fef6-4870-8bb7-3057f372f042" testListId="8c84fa94-04c1-424b-9868-57a2d4851a1d" />
    <TestEntry testId="561eafb7-1149-1c94-29e2-8bb732ee1d05" executionId="226ac450-14ac-4b26-bef4-8b000401b2a4" testListId="8c84fa94-04c1-424b-9868-57a2d4851a1d" />
    <TestEntry testId="1eb880b7-d412-8874-9297-cecfbbf29b1c" executionId="5acf45b1-2cec-4d0e-acd6-fac579861a49" testListId="8c84fa94-04c1-424b-9868-57a2d4851a1d" />
    <TestEntry testId="ebcda8d6-543d-73bb-ac3e-791368f20572" executionId="a720ec55-d303-4429-b7a3-81f4d844deb3" testListId="8c84fa94-04c1-424b-9868-57a2d4851a1d" />
    <TestEntry testId="8d57a7e0-f515-7415-d24b-6fb387216cb5" executionId="936a6398-0e18-4318-9564-5e7007938cb7" testListId="8c84fa94-04c1-424b-9868-57a2d4851a1d" />
    <TestEntry testId="fa8e1d06-bb44-5750-ed05-34b4911bd34f" executionId="a2cb6d5a-80c7-4cb0-8466-8f2aba1e966a" testListId="8c84fa94-04c1-424b-9868-57a2d4851a1d" />
    <TestEntry testId="cb7e6769-09e4-0374-5df7-fd4d8970ff9b" executionId="275fae67-39f2-45ba-864a-b375ea1bc2e7" testListId="8c84fa94-04c1-424b-9868-57a2d4851a1d" />
    <TestEntry testId="42544264-bc59-bed4-041d-eed5c7449a0f" executionId="a4daf237-425b-437d-b8ab-7a8aae043d95" testListId="8c84fa94-04c1-424b-9868-57a2d4851a1d" />
    <TestEntry testId="202a85ac-1b3c-9eaf-35d9-e624c71c65d2" executionId="20e38b76-2b34-4465-8607-311e905ba256" testListId="8c84fa94-04c1-424b-9868-57a2d4851a1d" />
    <TestEntry testId="c4e0a583-8bfc-2386-d06c-c68b1f3b70ce" executionId="96c7ad8c-8cd6-47ed-b04e-4baf14a8318c" testListId="8c84fa94-04c1-424b-9868-57a2d4851a1d" />
    <TestEntry testId="1e0746bc-d599-e93d-e6f0-df7ff64f04c8" executionId="3a3ed17f-341b-44c5-89c8-d4ea0f61bf1c" testListId="8c84fa94-04c1-424b-9868-57a2d4851a1d" />
    <TestEntry testId="45e76b3a-2466-cb0a-0a48-2dcd0b133f99" executionId="b720321b-5fbe-4f04-99d3-b3c67f178333" testListId="8c84fa94-04c1-424b-9868-57a2d4851a1d" />
    <TestEntry testId="37d40a50-18fe-c399-85b5-cc7aa73b07a3" executionId="75cbc2ce-666e-4fcf-971c-1fffb8d6ac56" testListId="8c84fa94-04c1-424b-9868-57a2d4851a1d" />
    <TestEntry testId="85dd3eb3-2c15-d3ea-a4a5-241a3115898b" executionId="b529d0ad-8d43-4c41-a2d3-2cf063115afa" testListId="8c84fa94-04c1-424b-9868-57a2d4851a1d" />
    <TestEntry testId="b5ba825b-3bd0-ef34-37f4-23131d40bd14" executionId="a7cc35e6-82fd-4697-b4fc-74ccf097b1d8" testListId="8c84fa94-04c1-424b-9868-57a2d4851a1d" />
    <TestEntry testId="9e67b7ec-c22f-8e85-c3af-b8746efc0b8e" executionId="40ae3021-6eaf-4f9d-bc8d-66698ecfc158" testListId="8c84fa94-04c1-424b-9868-57a2d4851a1d" />
    <TestEntry testId="46945073-9683-f8d1-e6af-ce23240896c7" executionId="9b664892-ff6c-4856-8f34-b49f9b88d7e3" testListId="8c84fa94-04c1-424b-9868-57a2d4851a1d" />
    <TestEntry testId="052fa440-49fb-398c-bc4d-b77837f13d98" executionId="1b9cb579-2d85-40cf-ac1a-ddd764d71de3" testListId="8c84fa94-04c1-424b-9868-57a2d4851a1d" />
    <TestEntry testId="c8bd7d8b-87c2-1120-42ae-f13b1a8da93c" executionId="f303ee3b-3356-497f-9b8a-f02e3b0db18c" testListId="8c84fa94-04c1-424b-9868-57a2d4851a1d" />
    <TestEntry testId="67a74fd8-aa9d-8f2c-0936-308ae2ac5618" executionId="71e2bb83-7f78-4d49-bcc6-1c7540d74e24" testListId="8c84fa94-04c1-424b-9868-57a2d4851a1d" />
    <TestEntry testId="28d6c943-0891-7a00-7ae2-13b44b3a562e" executionId="ca94a6a4-f528-4b10-986c-9c89420d96f9" testListId="8c84fa94-04c1-424b-9868-57a2d4851a1d" />
    <TestEntry testId="6bb2a04a-ef72-0cb1-f39b-67fd5ded2cee" executionId="7d38d7d6-2628-4255-a4e6-458a42a4bd2e" testListId="8c84fa94-04c1-424b-9868-57a2d4851a1d" />
    <TestEntry testId="e6f9e60d-dbb6-2c81-2fbb-492c9eca6996" executionId="7012ae17-5076-4572-946e-c23898cdc077" testListId="8c84fa94-04c1-424b-9868-57a2d4851a1d" />
    <TestEntry testId="d732a22a-4c24-3244-4f9e-384968f7066f" executionId="58f6a777-b6d5-4a61-a9af-a1b5dad83f5b" testListId="8c84fa94-04c1-424b-9868-57a2d4851a1d" />
    <TestEntry testId="15360df3-a10b-264f-3cec-6deb04b9e75b" executionId="38ceeb31-4491-4635-bc51-4566678f880c" testListId="8c84fa94-04c1-424b-9868-57a2d4851a1d" />
    <TestEntry testId="ba05122b-c10b-cd3e-05fa-15f5af44cb7f" executionId="11c1bf09-b23f-4598-82dd-55dbf44ab145" testListId="8c84fa94-04c1-424b-9868-57a2d4851a1d" />
    <TestEntry testId="c1261af4-cf4c-7c51-2d76-540d76e94be3" executionId="4f673720-3107-4aab-bb6e-4cb374b1af49" testListId="8c84fa94-04c1-424b-9868-57a2d4851a1d" />
    <TestEntry testId="df34a800-7187-f79a-ebaf-705dd263a8b9" executionId="049529cf-fe88-466a-8625-af0008a2da75" testListId="8c84fa94-04c1-424b-9868-57a2d4851a1d" />
    <TestEntry testId="2f90cc6b-9d9b-3ed8-adb4-93d0fe2e9f67" executionId="a001f2b4-ca7d-40da-932a-8d882a8bf92c" testListId="8c84fa94-04c1-424b-9868-57a2d4851a1d" />
    <TestEntry testId="e1868a05-8894-58b6-e9b4-aef0df6ebf4e" executionId="3f23ed6a-24ff-4a7a-9671-0d906f1214f2" testListId="8c84fa94-04c1-424b-9868-57a2d4851a1d" />
    <TestEntry testId="f3ff0822-b726-aad7-707f-d16956c8f681" executionId="d7a9369e-2045-4a7d-bb90-3564a8b37740" testListId="8c84fa94-04c1-424b-9868-57a2d4851a1d" />
    <TestEntry testId="2f1b9557-7306-9881-89bb-ba4a44a13a55" executionId="c5084ab4-a8b6-4553-9f37-8d31c6099fa5" testListId="8c84fa94-04c1-424b-9868-57a2d4851a1d" />
    <TestEntry testId="897838e1-8760-c9a2-3cf1-6f03988267a3" executionId="b9ffa4fd-6d88-490c-b028-9cfa4b3e0a18" testListId="8c84fa94-04c1-424b-9868-57a2d4851a1d" />
    <TestEntry testId="cd93dd18-8ffb-b455-6bf3-8c1440b8a6a4" executionId="f1074753-bfde-4716-9b70-5f442bccb803" testListId="8c84fa94-04c1-424b-9868-57a2d4851a1d" />
    <TestEntry testId="82fe076b-eee2-1b7a-63d0-16d5c4b3c921" executionId="815bd4c1-6a30-4332-8dce-52566190c806" testListId="8c84fa94-04c1-424b-9868-57a2d4851a1d" />
    <TestEntry testId="5b7e53bf-0ae7-5094-6a5b-a4dd6c84b556" executionId="bf458ccc-2cb5-42a1-95df-751da9768414" testListId="8c84fa94-04c1-424b-9868-57a2d4851a1d" />
    <TestEntry testId="4358a23c-cc52-1fa4-4944-3d6d5e29875e" executionId="cad607ed-fb1c-4442-b159-1df9e9d4b8fe" testListId="8c84fa94-04c1-424b-9868-57a2d4851a1d" />
    <TestEntry testId="146a79d9-1ee5-1dee-2752-45a35dcacc04" executionId="1060e957-7cfb-4afe-98ba-a5bf29da3054" testListId="8c84fa94-04c1-424b-9868-57a2d4851a1d" />
    <TestEntry testId="89b264e5-ecb2-9bfd-5217-bad16e072889" executionId="3ce67390-32a1-4920-8972-2c9e71292bb6" testListId="8c84fa94-04c1-424b-9868-57a2d4851a1d" />
    <TestEntry testId="cf7e58a1-8b66-05db-d80d-9a390200e7f6" executionId="c8b58ff8-09c4-436f-964b-971c5af7c9d8" testListId="8c84fa94-04c1-424b-9868-57a2d4851a1d" />
    <TestEntry testId="3430165d-c651-d9fa-b6d3-af75834ae00d" executionId="2e5590b5-4921-47bd-821b-705901c68a01" testListId="8c84fa94-04c1-424b-9868-57a2d4851a1d" />
    <TestEntry testId="c5e6da41-02da-091e-11d0-155f2153ad8d" executionId="98e48c8c-79d3-473c-99fa-acf7863f3fbd" testListId="8c84fa94-04c1-424b-9868-57a2d4851a1d" />
    <TestEntry testId="f3eca89b-a8e0-2667-1f39-e530549c32ef" executionId="60535475-70b7-4870-8fd0-e6098993f56d" testListId="8c84fa94-04c1-424b-9868-57a2d4851a1d" />
    <TestEntry testId="8e60d0bb-9e95-2ee4-5757-024c16e331a1" executionId="3b9c1c41-d5e8-4330-8333-ca1f44e32087" testListId="8c84fa94-04c1-424b-9868-57a2d4851a1d" />
    <TestEntry testId="e27a3ddf-7e09-bb95-b10a-532fe96f9be3" executionId="802d2736-d069-4d94-9792-673928916638" testListId="8c84fa94-04c1-424b-9868-57a2d4851a1d" />
    <TestEntry testId="87a8033f-f1d0-9dc0-017b-109a4a5e1469" executionId="fec0b037-2c7a-4d67-9dc3-91b067065268" testListId="8c84fa94-04c1-424b-9868-57a2d4851a1d" />
    <TestEntry testId="ec734ea0-ed87-bf8c-de64-4db31cc4a090" executionId="0c0ba551-3c00-4d29-bba2-6d372d7e5a30" testListId="8c84fa94-04c1-424b-9868-57a2d4851a1d" />
    <TestEntry testId="7a48a5a6-9db5-3efb-0231-f9604a99cadc" executionId="85960085-4fc3-4812-90c6-0eb78f867619" testListId="8c84fa94-04c1-424b-9868-57a2d4851a1d" />
    <TestEntry testId="a24486bf-5414-ab29-0d43-6b90e29b9d40" executionId="05d56d5c-ebe4-48bf-b455-e696b0c61821" testListId="8c84fa94-04c1-424b-9868-57a2d4851a1d" />
    <TestEntry testId="7e4e6158-18ae-eeac-843e-156c9841a547" executionId="c8b4a78f-42a5-4298-a8b3-d8678dddd5b3" testListId="8c84fa94-04c1-424b-9868-57a2d4851a1d" />
    <TestEntry testId="5a9d324f-1b72-134f-f780-672ea7a2035e" executionId="47c8c4b3-97e2-4d36-a8d7-95881ea8a4ab" testListId="8c84fa94-04c1-424b-9868-57a2d4851a1d" />
    <TestEntry testId="299286ec-7af2-e350-1317-fa5bf69f43e3" executionId="470e5fff-c160-45c9-b284-669db9077dd2" testListId="8c84fa94-04c1-424b-9868-57a2d4851a1d" />
    <TestEntry testId="7b03684f-6e1b-a5c3-3077-7e4421cdc3d0" executionId="6b82e18a-ce89-4e92-8b63-4f973850423e" testListId="8c84fa94-04c1-424b-9868-57a2d4851a1d" />
    <TestEntry testId="328ca0a6-8048-603c-f79a-b0d24622f761" executionId="aaf1dbb6-684f-4155-a2ea-3b3586d6e4df" testListId="8c84fa94-04c1-424b-9868-57a2d4851a1d" />
    <TestEntry testId="357a307b-bfcc-8b0c-228d-759141c45f56" executionId="afae2733-1c88-431e-a17a-50f374f25ff1" testListId="8c84fa94-04c1-424b-9868-57a2d4851a1d" />
    <TestEntry testId="4b59735e-90f1-eaa6-a9ba-449eb585f960" executionId="5c189ded-39b3-4eca-8c22-7e904172b35e" testListId="8c84fa94-04c1-424b-9868-57a2d4851a1d" />
    <TestEntry testId="b266a833-a1f4-7d49-4f21-b15615a1d3c4" executionId="80d76048-a2cf-4009-8e89-b8ceef1403e4" testListId="8c84fa94-04c1-424b-9868-57a2d4851a1d" />
    <TestEntry testId="7bc9cded-b249-5349-8aa5-1e9900ade490" executionId="be07d364-3f53-4a2f-978f-f60d6368122b" testListId="8c84fa94-04c1-424b-9868-57a2d4851a1d" />
    <TestEntry testId="bd290fb4-cd93-d3f4-ffd9-710195abaa8d" executionId="fa324626-5c3c-43df-8b58-259e1afd3958" testListId="8c84fa94-04c1-424b-9868-57a2d4851a1d" />
    <TestEntry testId="256d6d47-ab81-9579-ebbc-47c65cf59771" executionId="461ccb8f-3558-4f10-bdc4-590740e6ab26" testListId="8c84fa94-04c1-424b-9868-57a2d4851a1d" />
    <TestEntry testId="dd5724ac-9f0c-f659-367f-c2797b299dc0" executionId="c9497c7f-c8b8-4a54-98d3-96fe5e7441fb" testListId="8c84fa94-04c1-424b-9868-57a2d4851a1d" />
    <TestEntry testId="15748480-62b6-6d91-eb21-ab9e4eef9ddc" executionId="fd739dbc-578a-4207-8249-d94914db50a0" testListId="8c84fa94-04c1-424b-9868-57a2d4851a1d" />
    <TestEntry testId="51829bfa-3090-53ee-539b-bf0fa262c909" executionId="41aac015-a508-475f-ab1d-85d7db931288" testListId="8c84fa94-04c1-424b-9868-57a2d4851a1d" />
    <TestEntry testId="03742bc8-9407-ab68-5455-fd5434cecfe7" executionId="36cecc3c-11de-4b55-91e3-c8518db31a86" testListId="8c84fa94-04c1-424b-9868-57a2d4851a1d" />
    <TestEntry testId="e65225c3-5896-5c51-d309-7a665fb7b222" executionId="1729fdca-50ef-4c96-86ef-8ca14ac2307e" testListId="8c84fa94-04c1-424b-9868-57a2d4851a1d" />
    <TestEntry testId="4c4ec935-bddd-dc74-ecec-95815f39c4e8" executionId="6a191e9e-f913-4e51-9f95-72e3cda7be58" testListId="8c84fa94-04c1-424b-9868-57a2d4851a1d" />
    <TestEntry testId="49fe8bd9-dca9-a9c2-03a4-0d4327f1c85d" executionId="293322df-cacc-4ee7-a520-6a01ad6260be" testListId="8c84fa94-04c1-424b-9868-57a2d4851a1d" />
    <TestEntry testId="13467454-0600-9a0b-d824-a7b51f518eb2" executionId="7a8bd03e-daad-4268-af85-25519df8a318" testListId="8c84fa94-04c1-424b-9868-57a2d4851a1d" />
    <TestEntry testId="fea4a96b-ecd8-d0ab-62fc-bbf5fb64fa7c" executionId="3b93f600-9e6c-48bd-ab63-42234dd55317" testListId="8c84fa94-04c1-424b-9868-57a2d4851a1d" />
    <TestEntry testId="e5975ac0-a0a6-4094-a360-0978cfea23c4" executionId="0a3b8bcb-0baf-498e-861d-e7e378b573e5" testListId="8c84fa94-04c1-424b-9868-57a2d4851a1d" />
    <TestEntry testId="60316d96-16f7-cfae-bdeb-c23fc40aef06" executionId="2e051884-7bd6-4d79-8138-adfca35ffe49" testListId="8c84fa94-04c1-424b-9868-57a2d4851a1d" />
    <TestEntry testId="f4c054e5-77c5-fb7a-7baf-becfd4ac53f5" executionId="e907fe38-740f-48d4-b53d-f009d4415e4e" testListId="8c84fa94-04c1-424b-9868-57a2d4851a1d" />
    <TestEntry testId="58becb1e-d4f2-6648-a1ea-d0bc1e934310" executionId="75089062-29d6-43ec-a56a-3d7883a7a570" testListId="8c84fa94-04c1-424b-9868-57a2d4851a1d" />
    <TestEntry testId="2183f55d-9693-9d5a-6248-8bbdbe37526b" executionId="4d0a6dba-29f1-478f-b812-5bff40524e53" testListId="8c84fa94-04c1-424b-9868-57a2d4851a1d" />
    <TestEntry testId="181e55dd-58f7-f230-be5a-2c501c42c7a4" executionId="2f04801c-416e-4ee5-9e92-c0933d37e3c3" testListId="8c84fa94-04c1-424b-9868-57a2d4851a1d" />
    <TestEntry testId="d7398db4-ad69-c854-f2a3-8259ec81f5d0" executionId="13d1adeb-5eb9-4772-a46d-c992d4dfd9ca" testListId="8c84fa94-04c1-424b-9868-57a2d4851a1d" />
    <TestEntry testId="13307c64-f5d5-95fc-1871-a5b2cc0696f3" executionId="dd40f50d-790b-41e1-9a26-846a201b4b42" testListId="8c84fa94-04c1-424b-9868-57a2d4851a1d" />
    <TestEntry testId="d537010b-e34d-a683-4024-18a290c804f6" executionId="59e0ffee-241d-492f-9120-75838b92799b" testListId="8c84fa94-04c1-424b-9868-57a2d4851a1d" />
    <TestEntry testId="16739af5-c029-9dde-a08a-c564d644cd2d" executionId="06e09e00-3722-4e84-9b9e-8d992f0d4d35" testListId="8c84fa94-04c1-424b-9868-57a2d4851a1d" />
    <TestEntry testId="2ad13a2d-6ee7-6ced-2d23-167a1864673a" executionId="dbd3e071-4e84-43a1-9b57-45a2efb601e7" testListId="8c84fa94-04c1-424b-9868-57a2d4851a1d" />
    <TestEntry testId="b5849eb6-31dc-6e50-e71a-20ae41182be0" executionId="89f714aa-3cc9-48c7-97c5-87edb0a3cc47" testListId="8c84fa94-04c1-424b-9868-57a2d4851a1d" />
    <TestEntry testId="0e8c01b4-5908-4858-d595-1ad50f9a421c" executionId="2326fa94-6ee0-4c18-9774-7b57dcf77f07" testListId="8c84fa94-04c1-424b-9868-57a2d4851a1d" />
    <TestEntry testId="eb3376bf-5efc-4f28-4c42-f9d97b4c3d6d" executionId="493c13a5-0976-4c02-a5bf-73c014488e61" testListId="8c84fa94-04c1-424b-9868-57a2d4851a1d" />
    <TestEntry testId="f506f490-db20-18e7-b05c-2b4f460fbff2" executionId="10d18591-c929-43d3-a454-461a3afaa7c5" testListId="8c84fa94-04c1-424b-9868-57a2d4851a1d" />
    <TestEntry testId="f2e8b30a-b402-98f1-63c9-bb2239612798" executionId="64f238ed-b891-439e-93f8-21e59db8dfe2" testListId="8c84fa94-04c1-424b-9868-57a2d4851a1d" />
    <TestEntry testId="b372f658-ca2d-c1f2-3dfa-2681ff577783" executionId="eece4ab5-f71d-48f8-a4be-2efc8e886fe9" testListId="8c84fa94-04c1-424b-9868-57a2d4851a1d" />
  </TestEntries>
  <TestLists>
    <TestList name="Список результатов" id="8c84fa94-04c1-424b-9868-57a2d4851a1d" />
    <TestList name="Все загруженные результаты" id="19431567-8539-422a-85d7-44ee4e166bda" />
  </TestLists>
  <ResultSummary outcome="Failed">
    <Counters total="563" executed="556" passed="555" failed="1" error="0" timeout="0" aborted="0" inconclusive="0" passedButRunAborted="0" notRunnable="0" notExecuted="0" disconnected="0" warning="0" completed="0" inProgress="0" pending="0" />
    <Output>
      <StdOut>[xUnit.net 00:00:00.00] xUnit.net VSTest Adapter v2.5.3.1+6b60a9e56a (64-bit .NET 8.0.26)&#xD;
[xUnit.net 00:00:00.04]   Discovering: TuneMaster.Tests&#xD;
[xUnit.net 00:00:00.09]   Discovered:  TuneMaster.Tests&#xD;
[xUnit.net 00:00:00.09]   Starting:    TuneMaster.Tests&#xD;
[xUnit.net 00:00:01.00]       Assert.False() Failure&#xD;
[xUnit.net 00:00:01.00]       Expected: False&#xD;
[xUnit.net 00:00:01.00]       Actual:   True&#xD;
[xUnit.net 00:00:01.00]       Stack Trace:&#xD;
[xUnit.net 00:00:01.00]         U:\Forza Horizon 6 Tune Master\TuneMaster.Tests\ViewModels\MainViewModelTests.cs(469,0): at TuneMaster.Tests.ViewModels.MainViewModelTests.IsAutoGenerate_FalseByDefault()&#xD;
[xUnit.net 00:00:01.00]            at System.RuntimeMethodHandle.InvokeMethod(Object target, Void** arguments, Signature sig, Boolean isConstructor)&#xD;
[xUnit.net 00:00:01.00]            at System.Reflection.MethodBaseInvoker.InvokeWithNoArgs(Object obj, BindingFlags invokeAttr)&#xD;
[xUnit.net 00:00:01.11]       CarDatabaseService replaced&#xD;
Тест "TuneMaster.Tests.Services.CarDatabaseServiceTests.LoadCarDatabase_InvalidCache_ReturnsEmpty" пропущен в тестовом запуске.&#xD;
[xUnit.net 00:00:01.11]       CarDatabaseService replaced&#xD;
[xUnit.net 00:00:01.11]       CarDatabaseService replaced&#xD;
[xUnit.net 00:00:01.11]       CarDatabaseService replaced&#xD;
[xUnit.net 00:00:01.11]       CarDatabaseService replaced&#xD;
[xUnit.net 00:00:01.11]       CarDatabaseService replaced&#xD;
[xUnit.net 00:00:01.11]       CarDatabaseService replaced&#xD;
Тест "TuneMaster.Tests.Services.CarDatabaseServiceTests.LoadCarDatabase_FromCache_ReturnsCars" пропущен в тестовом запуске.&#xD;
Тест "TuneMaster.Tests.Services.CarDatabaseServiceTests.LoadCarDatabase_FromCache_CarPropertiesPreserved" пропущен в тестовом запуске.&#xD;
Тест "TuneMaster.Tests.Services.CarDatabaseServiceTests.LoadCarDatabase_MinimalCarData_Handled" пропущен в тестовом запуске.&#xD;
Тест "TuneMaster.Tests.Services.CarDatabaseServiceTests.LoadCarDatabase_MultipleEntries_SortedByListOrder" пропущен в тестовом запуске.&#xD;
Тест "TuneMaster.Tests.Services.CarDatabaseServiceTests.LoadCarDatabase_EmptyCache_ReturnsEmpty" пропущен в тестовом запуске.&#xD;
Тест "TuneMaster.Tests.Services.CarDatabaseServiceTests.LoadCarDatabase_LargeCache_AllItemsLoaded" пропущен в тестовом запуске.&#xD;
[xUnit.net 00:00:01.29]   Finished:    TuneMaster.Tests&#xD;
</StdOut>
    </Output>
    <RunInfos>
      <RunInfo computerName="DESKTOP-C25I8C5" outcome="Error" timestamp="2026-06-18T13:57:45.9041657+03:00">
        <Text>[xUnit.net 00:00:01.00]     TuneMaster.Tests.ViewModels.MainViewModelTests.IsAutoGenerate_FalseByDefault [FAIL]</Text>
      </RunInfo>
      <RunInfo computerName="DESKTOP-C25I8C5" outcome="Warning" timestamp="2026-06-18T13:57:46.0116151+03:00">
        <Text>[xUnit.net 00:00:01.11]     TuneMaster.Tests.Services.CarDatabaseServiceTests.LoadCarDatabase_InvalidCache_ReturnsEmpty [SKIP]</Text>
      </RunInfo>
      <RunInfo computerName="DESKTOP-C25I8C5" outcome="Warning" timestamp="2026-06-18T13:57:46.0126850+03:00">
        <Text>[xUnit.net 00:00:01.11]     TuneMaster.Tests.Services.CarDatabaseServiceTests.LoadCarDatabase_FromCache_ReturnsCars [SKIP]</Text>
      </RunInfo>
      <RunInfo computerName="DESKTOP-C25I8C5" outcome="Warning" timestamp="2026-06-18T13:57:46.0127231+03:00">
        <Text>[xUnit.net 00:00:01.11]     TuneMaster.Tests.Services.CarDatabaseServiceTests.LoadCarDatabase_FromCache_CarPropertiesPreserved [SKIP]</Text>
      </RunInfo>
      <RunInfo computerName="DESKTOP-C25I8C5" outcome="Warning" timestamp="2026-06-18T13:57:46.0127589+03:00">
        <Text>[xUnit.net 00:00:01.11]     TuneMaster.Tests.Services.CarDatabaseServiceTests.LoadCarDatabase_MinimalCarData_Handled [SKIP]</Text>
      </RunInfo>
      <RunInfo computerName="DESKTOP-C25I8C5" outcome="Warning" timestamp="2026-06-18T13:57:46.0127978+03:00">
        <Text>[xUnit.net 00:00:01.11]     TuneMaster.Tests.Services.CarDatabaseServiceTests.LoadCarDatabase_MultipleEntries_SortedByListOrder [SKIP]</Text>
      </RunInfo>
      <RunInfo computerName="DESKTOP-C25I8C5" outcome="Warning" timestamp="2026-06-18T13:57:46.0128453+03:00">
        <Text>[xUnit.net 00:00:01.11]     TuneMaster.Tests.Services.CarDatabaseServiceTests.LoadCarDatabase_EmptyCache_ReturnsEmpty [SKIP]</Text>
      </RunInfo>
      <RunInfo computerName="DESKTOP-C25I8C5" outcome="Warning" timestamp="2026-06-18T13:57:46.0128821+03:00">
        <Text>[xUnit.net 00:00:01.11]     TuneMaster.Tests.Services.CarDatabaseServiceTests.LoadCarDatabase_LargeCache_AllItemsLoaded [SKIP]</Text>
      </RunInfo>
    </RunInfos>
  </ResultSummary>
</TestRun>